Initializing document watcher...
Document watcher initialized
/User/settings.json: Using EditorConfig core...
daposorunke/helloworld/src/main/java/com/example/demo/DemoApplication.java: {}
daposorunke/helloworld/src/main/java/com/example/demo/DemoApplication.java: {}
daposorunke/helloworld/src/main/java/com/example/demo/DemoApplication.java: {}
daposorunke/helloworld/src/main/java/com/example/demo/DemoApplication.java: Using EditorConfig core...
daposorunke/helloworld/src/main/java/com/example/demo/DemoApplication.java: Using EditorConfig core...
daposorunke/helloworld/src/main/java/com/example/demo/DemoApplication.java: {}
daposorunke/helloworld/src/main/java/com/example/demo/DemoApplication.java: {}
daposorunke/helloworld/src/main/java/com/example/demo/DemoApplication.java: Using EditorConfig core...
daposorunke/helloworld/src/main/java/com/example/demo/DemoApplication.java: {}
daposorunke/helloworld/src/main/java/com/example/demo/DemoApplication.java: {}
daposorunke/helloworld/src/main/java/com/example/demo/DemoApplication.java: {}
daposorunke/helloworld/src/main/java/com/example/demo/DemoApplication.java: {}
daposorunke/helloworld/src/main/java/com/example/demo/DemoApplication.java: {}
daposorunke/helloworld/pom.xml: {}
daposorunke/helloworld/pom.xml: {}
daposorunke/helloworld/pom.xml: {}
daposorunke/helloworld/pom.xml: Using EditorConfig core...
daposorunke/helloworld/pom.xml: Using EditorConfig core...
daposorunke/helloworld/pom.xml: {}
daposorunke/helloworld/pom.xml: {}
daposorunke/helloworld/src/main/resources/application.properties: {}
daposorunke/helloworld/src/main/resources/application.properties: Using EditorConfig core...
daposorunke/helloworld/src/main/resources/application.properties: {}
daposorunke/helloworld/src/main/resources/application.properties: {}
daposorunke/helloworld/src/main/java/com/example/demo/DemoApplication.java: {}
daposorunke/helloworld/src/main/java/com/example/demo/DemoApplication.java: {}
daposorunke/helloworld/src/main/java/com/example/demo/DemoApplication.java: {}
daposorunke/helloworld/src/main/java/com/example/demo/DemoApplication.java: {}
daposorunke/helloworld/src/main/java/com/example/demo/controller/UserController.java: {}
daposorunke/helloworld/src/main/java/com/example/demo/controller/UserController.java: Using EditorConfig core...
daposorunke/helloworld/src/main/java/com/example/demo/controller/UserController.java: Using EditorConfig core...
daposorunke/helloworld/src/main/java/com/example/demo/controller/UserController.java: Using EditorConfig core...
daposorunke/helloworld/src/main/java/com/example/demo/controller/UserController.java: {}
daposorunke/helloworld/src/main/java/com/example/demo/controller/UserController.java: {}
daposorunke/helloworld/src/main/java/com/example/demo/model/USer.java: {}
daposorunke/helloworld/src/main/java/com/example/demo/model/USer.java: Using EditorConfig core...
daposorunke/helloworld/src/main/java/com/example/demo/model/User.java: {}
daposorunke/helloworld/src/main/java/com/example/demo/model/User.java: Using EditorConfig core...
daposorunke/helloworld/src/main/java/com/example/demo/model/User.java: Using EditorConfig core...
daposorunke/helloworld/src/main/java/com/example/demo/model/User.java: {}
daposorunke/helloworld/src/main/java/com/example/demo/repository/UserRepository.java: {}
daposorunke/helloworld/src/main/java/com/example/demo/repository/UserRepository.java: Using EditorConfig core...
daposorunke/helloworld/src/main/java/com/example/demo/repository/UserRepository.java: Using EditorConfig core...
daposorunke/helloworld/src/main/java/com/example/demo/repository/UserRepository.java: {}
daposorunke/helloworld/src/main/java/com/example/demo/service/UserService.java: {}
daposorunke/helloworld/src/main/java/com/example/demo/service/UserService.java: Using EditorConfig core...
daposorunke/helloworld/src/main/java/com/example/demo/service/UserService.java: Using EditorConfig core...
daposorunke/helloworld/src/main/java/com/example/demo/service/UserService.java: {}
daposorunke/helloworld/src/main/java/com/example/demo/controller/UserController.java: {}
daposorunke/helloworld/src/main/java/com/example/demo/controller/UserController.java: Using EditorConfig core...
daposorunke/helloworld/src/main/java/com/example/demo/controller/UserController.java: {}
daposorunke/helloworld/src/main/java/com/example/demo/controller/UserController.java: {}
daposorunke/helloworld/src/main/java/com/example/demo/controller/UserController.java: {}
daposorunke/helloworld/src/main/java/com/example/demo/model/User.java: {}
daposorunke/helloworld/src/main/java/com/example/demo/model/User.java: Using EditorConfig core...
daposorunke/helloworld/src/main/java/com/example/demo/model/User.java: Using EditorConfig core...
daposorunke/helloworld/src/main/java/com/example/demo/model/User.java: Using EditorConfig core...
daposorunke/helloworld/src/main/java/com/example/demo/model/User.java: Using EditorConfig core...
daposorunke/helloworld/src/main/java/com/example/demo/model/User.java: {}
daposorunke/helloworld/src/main/java/com/example/demo/controller/UserController.java: {}
daposorunke/helloworld/src/main/java/com/example/demo/service/UserService.java: {}
daposorunke/helloworld/src/main/java/com/example/demo/repository/UserRepository.java: {}
daposorunke/helloworld/src/main/java/com/example/demo/model/User.java: {}
daposorunke/helloworld/src/main/java/com/example/demo/controller/UserController.java: {}
daposorunke/helloworld/src/main/java/com/example/demo/controller/UserController.java: {}
daposorunke/helloworld/src/main/java/com/example/demo/model/User.java: {}
daposorunke/helloworld/src/main/java/com/example/demo/model/User.java: Using EditorConfig core...
daposorunke/helloworld/src/main/java/com/example/demo/model/User.java: {}
daposorunke/helloworld/src/main/java/com/example/demo/model/User.java: {}
daposorunke/helloworld/src/main/java/com/example/demo/controller/UserController.java: {}
daposorunke/helloworld/src/main/java/com/example/demo/controller/UserControllerTest.java: {}
daposorunke/helloworld/src/main/java/com/example/demo/controller/UserControllerTest.java: Using EditorConfig core...
daposorunke/helloworld/src/main/java/com/example/demo/controller/UserControllerTest.java: Using EditorConfig core...
daposorunke/helloworld/src/main/java/com/example/demo/controller/UserControllerTest.java: {}
daposorunke/helloworld/pom.xml: {}
daposorunke/helloworld/pom.xml: {}
daposorunke/helloworld/pom.xml: Using EditorConfig core...
daposorunke/helloworld/pom.xml: Using EditorConfig core...
daposorunke/helloworld/src/main/java/com/example/demo/controller/UserControllerTest.java: {}
daposorunke/helloworld/src/main/java/com/example/demo/controller/UserControllerTest.java: {}
daposorunke/helloworld/pom.xml: {}
daposorunke/helloworld/pom.xml: Using EditorConfig core...
daposorunke/helloworld/src/main/java/com/example/demo/controller/UserControllerTest.java: {}
daposorunke/helloworld/src/main/java/com/example/demo/controller/UserControllerTest.java: Using EditorConfig core...
daposorunke/helloworld/src/main/java/com/example/demo/controller/UserControllerTest.java: {}
daposorunke/README-cloudshell.txt: {}
daposorunke/helloworld/pom.xml: {}
daposorunke/helloworld/src/main/java/com/example/demo/controller/UserControllerTest.java: {}
daposorunke/helloworld/src/main/java/com/example/demo/controller/UserControllerTest.java: Using EditorConfig core...
daposorunke/helloworld/src/main/java/com/example/demo/controller/UserControllerTest.java: {}
daposorunke/helloworld/src/main/java/com/example/demo/controller/UserControllerTest.java: {}
daposorunke/helloworld/src/main/java/com/example/demo/controller/UserControllerTest.java: {}
daposorunke/helloworld/src/main/java/com/example/demo/controller/UserControllerTest.java: {}
daposorunke/helloworld/pom.xml: {}
daposorunke/helloworld/src/main/java/com/example/demo/controller/UserControllerTest.java: {}
daposorunke/helloworld/pom.xml: {}
daposorunke/helloworld/src/main/java/com/example/demo/controller/UserControllerTest.java: {}
daposorunke/helloworld/src/main/java/com/example/demo/controller/UserControllerTest.java: {}
daposorunke/helloworld/pom.xml: {}
daposorunke/helloworld/pom.xml: Using EditorConfig core...
daposorunke/helloworld/pom.xml: Using EditorConfig core...
daposorunke/.vscode/settings.json: Using EditorConfig core...
daposorunke/helloworld/pom.xml: Using EditorConfig core...
daposorunke/helloworld/src/main/java/com/example/demo/controller/UserControllerTest.java: {}
daposorunke/helloworld/src/main/java/com/example/demo/controller/UserControllerTest.java: {}
daposorunke/helloworld/src/main/java/com/example/demo/controller/UserControllerTest.java: {}
daposorunke/helloworld/src/main/java/com/example/demo/controller/UserControllerTest.java: Using EditorConfig core...
daposorunke/helloworld/src/main/java/com/example/demo/controller/UserControllerTest.java: Using EditorConfig core...
daposorunke/helloworld/src/main/java/com/example/demo/controller/UserControllerTest.java: {}
daposorunke/helloworld/src/main/java/com/example/demo/controller/UserControllerTest.java: Using EditorConfig core...
daposorunke/helloworld/src/main/java/com/example/demo/controller/UserControllerTest.java: Using EditorConfig core...
daposorunke/helloworld/src/main/java/com/example/demo/controller/UserControllerTest.java: Using EditorConfig core...
daposorunke/helloworld/mvnw.cmd: {}
daposorunke/helloworld/pom.xml: {}
daposorunke/helloworld/src/main/java/com/example/demo/controller/UserControllerTest.java: {}
daposorunke/helloworld/src/main/java/com/example/demo/controller/UserControllerTest.java: {}
daposorunke/helloworld/src/main/java/com/example/demo/controller/UserControllerTest.java: {}
daposorunke/helloworld/src/main/java/com/example/demo/controller/UserControllerTest.java: {}
daposorunke/helloworld/pom.xml: {}
daposorunke/helloworld/pom.xml: Using EditorConfig core...
daposorunke/helloworld/pom.xml: Using EditorConfig core...
daposorunke/helloworld/pom.xml: Using EditorConfig core...
daposorunke/helloworld/pom.xml: Using EditorConfig core...
daposorunke/helloworld/pom.xml: Using EditorConfig core...
daposorunke/helloworld/pom.xml: {}
daposorunke/helloworld/pom.xml: {}
daposorunke/helloworld/pom.xml: Using EditorConfig core...
daposorunke/helloworld/pom.xml: {}
daposorunke/helloworld/pom.xml: {}
daposorunke/helloworld/src/main/java/com/example/demo/controller/UserControllerTest.java: {}
daposorunke/helloworld/src/main/java/com/example/demo/controller/UserControllerTest.java: Using EditorConfig core...
daposorunke/helloworld/src/main/java/com/example/demo/controller/UserControllerTest.java: {}
daposorunke/helloworld/src/main/java/com/example/demo/controller/UserControllerTest.java: {}
daposorunke/helloworld/src/main/java/com/example/demo/controller/UserControllerTest.java: Using EditorConfig core...
daposorunke/helloworld/src/main/java/com/example/demo/controller/UserControllerTest.java: Using EditorConfig core...
daposorunke/helloworld/src/main/java/com/example/demo/controller/UserControllerTest.java: {}
daposorunke/helloworld/src/main/java/com/example/demo/controller/UserControllerTest.java: Using EditorConfig core...
daposorunke/helloworld/src/main/java/com/example/demo/controller/UserControllerTest.java: {}
daposorunke/helloworld/src/main/java/com/example/demo/controller/UserControllerTest.java: Using EditorConfig core...
daposorunke/helloworld/src/main/java/com/example/demo/controller/UserControllerTest.java: {}
daposorunke/helloworld/src/main/java/com/example/demo/controller/UserControllerTest.java: {}
daposorunke/helloworld/src/main/java/com/example/demo/controller/UserControllerTest.java: {}
daposorunke/helloworld/src/main/java/com/example/demo/controller/UserControllerTest.java: Using EditorConfig core...
daposorunke/helloworld/src/main/java/com/example/demo/controller/UserControllerTest.java: Using EditorConfig core...
daposorunke/helloworld/src/main/java/com/example/demo/controller/UserControllerTest.java: Using EditorConfig core...
daposorunke/helloworld/src/main/java/com/example/demo/controller/UserControllerTest.java: Using EditorConfig core...
daposorunke/helloworld/src/main/java/com/example/demo/controller/UserControllerTest.java: Using EditorConfig core...
daposorunke/helloworld/src/main/java/com/example/demo/controller/UserControllerTest.java: Using EditorConfig core...
daposorunke/helloworld/pom.xml: {}
daposorunke/helloworld/src/main/java/com/example/demo/controller/UserControllerTest.java: {}
daposorunke/helloworld/pom.xml: {}
daposorunke/helloworld/pom.xml: {}
daposorunke/helloworld/pom.xml: {}
daposorunke/helloworld/pom.xml: {}
daposorunke/helloworld/src/main/java/com/example/demo/DemoApplication.java: {}
daposorunke/helloworld/src/main/java/com/example/demo/DemoApplication.java: Using EditorConfig core...
daposorunke/helloworld/src/main/java/com/example/demo/DemoApplication.java: Using EditorConfig core...
daposorunke/helloworld/src/main/java/com/example/demo/DemoApplication.java: {}
daposorunke/helloworld/src/main/java/com/example/demo/DemoApplication.java: {}
daposorunke/helloworld/src/main/java/com/example/demo/DemoApplication.java: Using EditorConfig core...
daposorunke/helloworld/src/main/java/com/example/demo/DemoApplication.java: {}
daposorunke/helloworld/src/main/java/com/example/demo/DemoApplication.java: {}
daposorunke/helloworld/src/main/java/com/example/demo/DemoApplication.java: {}
daposorunke/helloworld/src/test/java/com/example/demo/DemoApplicationTests.java: {}
daposorunke/helloworld/src/test/java/com/example/demo/DemoApplicationTests.java: {}
daposorunke/helloworld/src/test/java/com/example/demo/DemoApplicationTests.java: Using EditorConfig core...
daposorunke/helloworld/src/test/java/com/example/demo/UserControllerTest.java: {}
daposorunke/helloworld/src/test/java/com/example/demo/UserControllerTest.java: Using EditorConfig core...
daposorunke/helloworld/src/test/java/com/example/demo/controller/UserControllerTest.java: {}
daposorunke/helloworld/src/test/java/com/example/demo/controller/UserControllerTest.java: Using EditorConfig core...
daposorunke/helloworld/src/test/java/com/example/demo/controller/UserControllerTest.java: {}
daposorunke/helloworld/src/test/java/com/example/demo/controller/UserControllerTest.java: {}
daposorunke/helloworld/src/test/java/com/example/demo/controller/UserControllerTest.java: {}
daposorunke/helloworld/src/test/java/com/example/demo/controller/UserControllerTest.java: {}
daposorunke/helloworld/src/test/java/com/example/demo/controller/UserControllerTest.java: Using EditorConfig core...
daposorunke/helloworld/src/main/java/com/example/demo/controller/UserController.java: {}
daposorunke/helloworld/src/main/java/com/example/demo/controller/UserController.java: {}
daposorunke/helloworld/src/main/java/com/example/demo/repository/UserRepository.java: {}
daposorunke/helloworld/src/main/java/com/example/demo/repository/UserRepository.java: {}
daposorunke/helloworld/src/main/java/com/example/demo/service/UserService.java: {}
daposorunke/helloworld/src/main/java/com/example/demo/repository/UserRepository.java: {}
daposorunke/helloworld/src/test/java/com/example/demo/controller/UserControllerTest.java: {}
daposorunke/helloworld/src/main/java/com/example/demo/DemoApplication.java: {}
daposorunke/helloworld/src/main/java/com/example/demo/service/UserService.java: {}
daposorunke/helloworld/src/main/java/com/example/demo/repository/UserRepository.java: {}
daposorunke/helloworld/src/main/java/com/example/demo/model/User.java: {}
daposorunke/helloworld/src/main/java/com/example/demo/controller/UserController.java: {}
daposorunke/helloworld/src/main/java/com/example/demo/model/User.java: {}
daposorunke/helloworld/src/main/java/com/example/demo/repository/UserRepository.java: {}
daposorunke/helloworld/src/main/java/com/example/demo/model/User.java: {}
daposorunke/helloworld/src/main/java/com/example/demo/controller/UserController.java: {}
daposorunke/helloworld/src/main/java/com/example/demo/controller/UserController.java: {}
daposorunke/helloworld/src/main/java/com/example/demo/controller/UserController.java: {}
daposorunke/helloworld/src/main/java/com/example/demo/controller/UserController.java: {}
daposorunke/helloworld/pom.xml: {}
daposorunke/helloworld/pom.xml: {}
daposorunke/helloworld/pom.xml: {}
daposorunke/helloworld/pom.xml: {}
daposorunke/helloworld/src/main/resources/application.properties: {}
daposorunke/helloworld/src/main/resources/application.properties: {}
daposorunke/helloworld/src/main/resources/application.properties: {}
daposorunke/helloworld/src/main/resources/application.properties: Using EditorConfig core...
daposorunke/helloworld/src/main/resources/application.properties: Using EditorConfig core...
daposorunke/helloworld/src/main/resources/application.properties: {}
daposorunke/helloworld/src/main/resources/application.properties: {}
daposorunke/helloworld/src/main/resources/application.properties: {}
daposorunke/helloworld/src/main/resources/application.properties: Using EditorConfig core...
daposorunke/helloworld/src/main/resources/application.properties: Using EditorConfig core...
daposorunke/helloworld/src/main/resources/application.properties: {}
daposorunke/helloworld/src/main/resources/application.properties: Using EditorConfig core...
daposorunke/helloworld/pom.xml: {}
daposorunke/helloworld/pom.xml: {}
daposorunke/helloworld/pom.xml: {}
daposorunke/helloworld/pom.xml: {}
daposorunke/helloworld/pom.xml: {}
daposorunke/helloworld/pom.xml: {}
daposorunke/helloworld/pom.xml: {}
daposorunke/helloworld/pom.xml: {}
daposorunke/helloworld/pom.xml: {}
daposorunke/helloworld/pom.xml: {}
