2024-10-12 18:41:08.328 [info] Log level: Info
2024-10-12 18:41:08.328 [info] Validating found git in: "git"
2024-10-12 18:41:08.328 [info] Using git "2.43.0" from "git"
2024-10-12 18:41:08.328 [info] > git rev-parse --show-toplevel [50ms]
2024-10-12 18:41:08.334 [info] > git rev-parse --git-dir --git-common-dir [8ms]
2024-10-12 18:41:08.350 [info] Open repository: /home/daposorunke
2024-10-12 18:41:08.516 [info] > git config --get commit.template [116ms]
2024-10-12 18:41:08.522 [info] > git rev-parse --show-toplevel [110ms]
2024-10-12 18:41:08.661 [info] > git for-each-ref --format=%(refname)%00%(upstream:short)%00%(objectname)%00%(upstream:track)%00%(upstream:remotename)%00%(upstream:remoteref) refs/heads/skills-check refs/remotes/skills-check [118ms]
2024-10-12 18:41:08.668 [info] > git rev-parse --show-toplevel [103ms]
2024-10-12 18:41:08.712 [info] > git rev-parse --show-toplevel [19ms]
2024-10-12 18:41:08.775 [info] > git rev-parse --show-toplevel [16ms]
2024-10-12 18:41:08.848 [info] > git rev-parse --show-toplevel [46ms]
2024-10-12 18:41:08.957 [info] > git rev-parse --show-toplevel [68ms]
2024-10-12 18:41:09.031 [info] > git rev-parse --show-toplevel [52ms]
2024-10-12 18:41:09.059 [info] > git status -z -uall [323ms]
2024-10-12 18:41:09.060 [info] > git check-ignore -v -z --stdin [54ms]
2024-10-12 18:41:09.069 [info] > git rev-parse --show-toplevel [14ms]
2024-10-12 18:41:09.170 [info] > git merge-base refs/heads/skills-check refs/remotes/think-on/skills-check [79ms]
2024-10-12 18:41:09.303 [info] > git config --get commit.template [166ms]
2024-10-12 18:41:09.304 [info] > git rev-parse --show-toplevel [182ms]
2024-10-12 18:41:09.325 [info] > git rev-list --count --left-right refs/heads/skills-check...refs/remotes/think-on/skills-check [140ms]
2024-10-12 18:41:09.365 [info] > git rev-parse --show-toplevel [44ms]
2024-10-12 18:41:09.413 [info] > git for-each-ref --format=%(refname)%00%(upstream:short)%00%(objectname)%00%(upstream:track)%00%(upstream:remotename)%00%(upstream:remoteref) refs/heads/skills-check refs/remotes/skills-check [50ms]
2024-10-12 18:41:09.414 [info] > git diff --name-status -z --diff-filter=ADMR d42c2b440f02a15f836f4cea15934337ec6a11f3...refs/remotes/think-on/skills-check [72ms]
2024-10-12 18:41:09.417 [info] > git ls-files --stage -- /home/daposorunke/helloworld/pom.xml [15ms]
2024-10-12 18:41:09.450 [info] > git show --textconv :helloworld/pom.xml [65ms]
2024-10-12 18:41:09.453 [info] > git cat-file -s b386e0fc9fb7de496a5e344d5a3c59ab62b5f845 [21ms]
2024-10-12 18:41:10.095 [info] > git status -z -uall [646ms]
2024-10-12 18:41:32.750 [info] > git config --get commit.template [110ms]
2024-10-12 18:41:32.935 [info] > git for-each-ref --format=%(refname)%00%(upstream:short)%00%(objectname)%00%(upstream:track)%00%(upstream:remotename)%00%(upstream:remoteref) refs/heads/skills-check refs/remotes/skills-check [89ms]
2024-10-12 18:41:33.297 [info] > git check-ignore -v -z --stdin [78ms]
2024-10-12 18:41:33.744 [info] > git status -z -uall [453ms]
2024-10-12 18:41:39.004 [info] > git config --get commit.template [8ms]
2024-10-12 18:41:39.070 [info] > git for-each-ref --format=%(refname)%00%(upstream:short)%00%(objectname)%00%(upstream:track)%00%(upstream:remotename)%00%(upstream:remoteref) refs/heads/skills-check refs/remotes/skills-check [15ms]
2024-10-12 18:41:39.376 [info] > git status -z -uall [240ms]
2024-10-12 18:41:47.218 [info] > git config --get commit.template [15ms]
2024-10-12 18:41:47.338 [info] > git for-each-ref --format=%(refname)%00%(upstream:short)%00%(objectname)%00%(upstream:track)%00%(upstream:remotename)%00%(upstream:remoteref) refs/heads/skills-check refs/remotes/skills-check [13ms]
2024-10-12 18:41:48.128 [info] > git status -z -uall [623ms]
2024-10-12 18:41:55.308 [info] > git config --get commit.template [36ms]
2024-10-12 18:41:55.309 [info] > git for-each-ref --format=%(refname)%00%(upstream:short)%00%(objectname)%00%(upstream:track)%00%(upstream:remotename)%00%(upstream:remoteref) refs/heads/skills-check refs/remotes/skills-check [2ms]
2024-10-12 18:41:55.411 [info] > git status -z -uall [74ms]
2024-10-12 18:42:00.476 [info] > git config --get commit.template [29ms]
2024-10-12 18:42:00.477 [info] > git for-each-ref --format=%(refname)%00%(upstream:short)%00%(objectname)%00%(upstream:track)%00%(upstream:remotename)%00%(upstream:remoteref) refs/heads/skills-check refs/remotes/skills-check [2ms]
2024-10-12 18:42:00.585 [info] > git status -z -uall [76ms]
2024-10-12 18:42:05.652 [info] > git config --get commit.template [30ms]
2024-10-12 18:42:05.654 [info] > git for-each-ref --format=%(refname)%00%(upstream:short)%00%(objectname)%00%(upstream:track)%00%(upstream:remotename)%00%(upstream:remoteref) refs/heads/skills-check refs/remotes/skills-check [3ms]
2024-10-12 18:42:05.761 [info] > git status -z -uall [78ms]
2024-10-12 18:42:10.798 [info] > git config --get commit.template [3ms]
2024-10-12 18:42:10.828 [info] > git for-each-ref --format=%(refname)%00%(upstream:short)%00%(objectname)%00%(upstream:track)%00%(upstream:remotename)%00%(upstream:remoteref) refs/heads/skills-check refs/remotes/skills-check [2ms]
2024-10-12 18:42:10.933 [info] > git status -z -uall [76ms]
2024-10-12 18:42:15.999 [info] > git config --get commit.template [30ms]
2024-10-12 18:42:16.000 [info] > git for-each-ref --format=%(refname)%00%(upstream:short)%00%(objectname)%00%(upstream:track)%00%(upstream:remotename)%00%(upstream:remoteref) refs/heads/skills-check refs/remotes/skills-check [3ms]
2024-10-12 18:42:16.104 [info] > git status -z -uall [76ms]
2024-10-12 18:42:21.142 [info] > git config --get commit.template [2ms]
2024-10-12 18:42:21.172 [info] > git for-each-ref --format=%(refname)%00%(upstream:short)%00%(objectname)%00%(upstream:track)%00%(upstream:remotename)%00%(upstream:remoteref) refs/heads/skills-check refs/remotes/skills-check [3ms]
2024-10-12 18:42:21.285 [info] > git status -z -uall [83ms]
2024-10-12 18:42:28.106 [info] > git config --get commit.template [28ms]
2024-10-12 18:42:28.107 [info] > git for-each-ref --format=%(refname)%00%(upstream:short)%00%(objectname)%00%(upstream:track)%00%(upstream:remotename)%00%(upstream:remoteref) refs/heads/skills-check refs/remotes/skills-check [4ms]
2024-10-12 18:42:28.210 [info] > git status -z -uall [76ms]
2024-10-12 18:42:53.806 [info] > git config --get commit.template [28ms]
2024-10-12 18:42:53.807 [info] > git for-each-ref --format=%(refname)%00%(upstream:short)%00%(objectname)%00%(upstream:track)%00%(upstream:remotename)%00%(upstream:remoteref) refs/heads/skills-check refs/remotes/skills-check [4ms]
2024-10-12 18:42:53.912 [info] > git status -z -uall [78ms]
2024-10-12 18:42:58.974 [info] > git config --get commit.template [28ms]
2024-10-12 18:42:58.975 [info] > git for-each-ref --format=%(refname)%00%(upstream:short)%00%(objectname)%00%(upstream:track)%00%(upstream:remotename)%00%(upstream:remoteref) refs/heads/skills-check refs/remotes/skills-check [3ms]
2024-10-12 18:42:59.089 [info] > git status -z -uall [83ms]
2024-10-12 18:43:04.145 [info] > git config --get commit.template [26ms]
2024-10-12 18:43:04.147 [info] > git for-each-ref --format=%(refname)%00%(upstream:short)%00%(objectname)%00%(upstream:track)%00%(upstream:remotename)%00%(upstream:remoteref) refs/heads/skills-check refs/remotes/skills-check [2ms]
2024-10-12 18:43:04.247 [info] > git status -z -uall [75ms]
2024-10-12 18:45:33.296 [info] > git config --get commit.template [28ms]
2024-10-12 18:45:33.297 [info] > git for-each-ref --format=%(refname)%00%(upstream:short)%00%(objectname)%00%(upstream:track)%00%(upstream:remotename)%00%(upstream:remoteref) refs/heads/skills-check refs/remotes/skills-check [4ms]
2024-10-12 18:45:33.401 [info] > git status -z -uall [78ms]
2024-10-12 18:45:35.998 [info] > git show --textconv :helloworld/src/main/java/com/example/demo/controller/UserController.java [82ms]
2024-10-12 18:45:36.061 [info] > git ls-files --stage -- /home/daposorunke/helloworld/src/main/java/com/example/demo/controller/UserController.java [84ms]
2024-10-12 18:45:36.121 [info] > git check-ignore -v -z --stdin [68ms]
2024-10-12 18:45:36.136 [info] > git cat-file -s 098829e96d9de9ab2e3bd31fe075f915c8e4385b [20ms]
2024-10-12 18:45:38.505 [info] > git config --get commit.template [27ms]
2024-10-12 18:45:38.576 [info] > git for-each-ref --format=%(refname)%00%(upstream:short)%00%(objectname)%00%(upstream:track)%00%(upstream:remotename)%00%(upstream:remoteref) refs/heads/skills-check refs/remotes/skills-check [7ms]
2024-10-12 18:45:38.894 [info] > git status -z -uall [249ms]
2024-10-12 18:47:28.055 [info] > git config --get commit.template [34ms]
2024-10-12 18:47:28.057 [info] > git for-each-ref --format=%(refname)%00%(upstream:short)%00%(objectname)%00%(upstream:track)%00%(upstream:remotename)%00%(upstream:remoteref) refs/heads/skills-check refs/remotes/skills-check [3ms]
2024-10-12 18:47:28.160 [info] > git status -z -uall [77ms]
2024-10-12 18:47:30.181 [info] > git show --textconv :helloworld/src/main/java/com/example/demo/model/User.java [80ms]
2024-10-12 18:47:30.199 [info] > git ls-files --stage -- /home/daposorunke/helloworld/src/main/java/com/example/demo/model/User.java [22ms]
2024-10-12 18:47:30.275 [info] > git cat-file -s 68f624b3ffa3252c003c84b982acf53b223b8c47 [20ms]
2024-10-12 18:47:33.222 [info] > git config --get commit.template [29ms]
2024-10-12 18:47:33.224 [info] > git for-each-ref --format=%(refname)%00%(upstream:short)%00%(objectname)%00%(upstream:track)%00%(upstream:remotename)%00%(upstream:remoteref) refs/heads/skills-check refs/remotes/skills-check [3ms]
2024-10-12 18:47:33.325 [info] > git status -z -uall [75ms]
2024-10-12 18:47:38.386 [info] > git config --get commit.template [28ms]
2024-10-12 18:47:38.387 [info] > git for-each-ref --format=%(refname)%00%(upstream:short)%00%(objectname)%00%(upstream:track)%00%(upstream:remotename)%00%(upstream:remoteref) refs/heads/skills-check refs/remotes/skills-check [4ms]
2024-10-12 18:47:38.494 [info] > git status -z -uall [82ms]
2024-10-12 18:47:39.849 [info] > git show --textconv :helloworld/src/main/java/com/example/demo/controller/UserController.java [63ms]
2024-10-12 18:47:39.858 [info] > git ls-files --stage -- /home/daposorunke/helloworld/src/main/java/com/example/demo/controller/UserController.java [26ms]
2024-10-12 18:47:39.939 [info] > git cat-file -s 098829e96d9de9ab2e3bd31fe075f915c8e4385b [29ms]
2024-10-12 18:47:43.557 [info] > git config --get commit.template [30ms]
2024-10-12 18:47:43.558 [info] > git for-each-ref --format=%(refname)%00%(upstream:short)%00%(objectname)%00%(upstream:track)%00%(upstream:remotename)%00%(upstream:remoteref) refs/heads/skills-check refs/remotes/skills-check [4ms]
2024-10-12 18:47:43.656 [info] > git status -z -uall [74ms]
2024-10-12 18:47:48.715 [info] > git config --get commit.template [25ms]
2024-10-12 18:47:48.716 [info] > git for-each-ref --format=%(refname)%00%(upstream:short)%00%(objectname)%00%(upstream:track)%00%(upstream:remotename)%00%(upstream:remoteref) refs/heads/skills-check refs/remotes/skills-check [3ms]
2024-10-12 18:47:48.821 [info] > git status -z -uall [78ms]
2024-10-12 18:48:02.515 [info] > git config --get commit.template [28ms]
2024-10-12 18:48:02.515 [info] > git for-each-ref --format=%(refname)%00%(upstream:short)%00%(objectname)%00%(upstream:track)%00%(upstream:remotename)%00%(upstream:remoteref) refs/heads/skills-check refs/remotes/skills-check [3ms]
2024-10-12 18:48:02.681 [info] > git status -z -uall [140ms]
2024-10-12 18:48:07.716 [info] > git config --get commit.template [3ms]
2024-10-12 18:48:07.743 [info] > git for-each-ref --format=%(refname)%00%(upstream:short)%00%(objectname)%00%(upstream:track)%00%(upstream:remotename)%00%(upstream:remoteref) refs/heads/skills-check refs/remotes/skills-check [3ms]
2024-10-12 18:48:07.855 [info] > git status -z -uall [86ms]
2024-10-12 18:48:12.956 [info] > git config --get commit.template [18ms]
2024-10-12 18:48:13.050 [info] > git for-each-ref --format=%(refname)%00%(upstream:short)%00%(objectname)%00%(upstream:track)%00%(upstream:remotename)%00%(upstream:remoteref) refs/heads/skills-check refs/remotes/skills-check [14ms]
2024-10-12 18:48:13.307 [info] > git status -z -uall [169ms]
2024-10-12 18:48:19.181 [info] > git config --get commit.template [4ms]
2024-10-12 18:48:19.210 [info] > git for-each-ref --format=%(refname)%00%(upstream:short)%00%(objectname)%00%(upstream:track)%00%(upstream:remotename)%00%(upstream:remoteref) refs/heads/skills-check refs/remotes/skills-check [3ms]
2024-10-12 18:48:19.329 [info] > git status -z -uall [92ms]
2024-10-12 18:48:42.893 [info] > git config --get commit.template [28ms]
2024-10-12 18:48:42.894 [info] > git for-each-ref --format=%(refname)%00%(upstream:short)%00%(objectname)%00%(upstream:track)%00%(upstream:remotename)%00%(upstream:remoteref) refs/heads/skills-check refs/remotes/skills-check [3ms]
2024-10-12 18:48:43.005 [info] > git status -z -uall [86ms]
2024-10-12 18:48:47.164 [info] > git show --textconv :helloworld/src/main/java/com/example/demo/repository/UserRepository.java [45ms]
2024-10-12 18:48:47.177 [info] > git ls-files --stage -- /home/daposorunke/helloworld/src/main/java/com/example/demo/repository/UserRepository.java [18ms]
2024-10-12 18:48:47.229 [info] > git cat-file -s 14c6c0db4700326d9a5fdbd0236ad16d42de70bd [17ms]
2024-10-12 18:48:48.097 [info] > git config --get commit.template [40ms]
2024-10-12 18:48:48.103 [info] > git for-each-ref --format=%(refname)%00%(upstream:short)%00%(objectname)%00%(upstream:track)%00%(upstream:remotename)%00%(upstream:remoteref) refs/heads/skills-check refs/remotes/skills-check [9ms]
2024-10-12 18:48:48.430 [info] > git status -z -uall [287ms]
2024-10-12 18:48:48.665 [info] > git show --textconv :helloworld/src/main/java/com/example/demo/model/User.java [128ms]
2024-10-12 18:48:48.667 [info] > git ls-files --stage -- /home/daposorunke/helloworld/src/main/java/com/example/demo/model/User.java [51ms]
2024-10-12 18:48:48.746 [info] > git cat-file -s 68f624b3ffa3252c003c84b982acf53b223b8c47 [27ms]
2024-10-12 18:48:53.465 [info] > git config --get commit.template [2ms]
2024-10-12 18:48:53.493 [info] > git for-each-ref --format=%(refname)%00%(upstream:short)%00%(objectname)%00%(upstream:track)%00%(upstream:remotename)%00%(upstream:remoteref) refs/heads/skills-check refs/remotes/skills-check [3ms]
2024-10-12 18:48:53.609 [info] > git status -z -uall [89ms]
2024-10-12 18:48:58.644 [info] > git config --get commit.template [3ms]
2024-10-12 18:48:58.672 [info] > git for-each-ref --format=%(refname)%00%(upstream:short)%00%(objectname)%00%(upstream:track)%00%(upstream:remotename)%00%(upstream:remoteref) refs/heads/skills-check refs/remotes/skills-check [2ms]
2024-10-12 18:48:58.783 [info] > git status -z -uall [85ms]
2024-10-12 18:49:03.823 [info] > git config --get commit.template [3ms]
2024-10-12 18:49:03.850 [info] > git for-each-ref --format=%(refname)%00%(upstream:short)%00%(objectname)%00%(upstream:track)%00%(upstream:remotename)%00%(upstream:remoteref) refs/heads/skills-check refs/remotes/skills-check [2ms]
2024-10-12 18:49:03.971 [info] > git status -z -uall [94ms]
2024-10-12 18:49:12.798 [info] > git config --get commit.template [3ms]
2024-10-12 18:49:12.825 [info] > git for-each-ref --format=%(refname)%00%(upstream:short)%00%(objectname)%00%(upstream:track)%00%(upstream:remotename)%00%(upstream:remoteref) refs/heads/skills-check refs/remotes/skills-check [3ms]
2024-10-12 18:49:12.936 [info] > git status -z -uall [87ms]
