2024-10-11 18:02:52.143 [info] Extension host with pid 11168 started
2024-10-11 18:02:52.177 [info] Lock '/home/daposorunke/.codeoss/data/User/workspaceStorage/-6f2281fa/vscode.lock': Lock acquired.
2024-10-11 18:02:52.342 [info] ExtensionService#_doActivateExtension vscode.emmet, startup: false, activationEvent: 'onLanguage'
2024-10-11 18:02:52.572 [info] ExtensionService#_doActivateExtension vscode.git-base, startup: true, activationEvent: '*', root cause: vscode.git
2024-10-11 18:02:52.665 [info] ExtensionService#_doActivateExtension vscode.git, startup: true, activationEvent: '*'
2024-10-11 18:02:52.666 [info] ExtensionService#_doActivateExtension vscode.github, startup: true, activationEvent: '*'
2024-10-11 18:02:53.485 [info] ExtensionService#_doActivateExtension vscjava.vscode-java-dependency, startup: true, activationEvent: 'workspaceContains:*/pom.xml,*/build.gradle,*/settings.gradle,*/build.gradle.kts,*/settings.gradle.kts,*/.classpath'
2024-10-11 18:02:53.485 [info] ExtensionService#_doActivateExtension redhat.java, startup: true, activationEvent: 'workspaceContains:*/pom.xml,*/build.gradle,*/settings.gradle,*/build.gradle.kts,*/settings.gradle.kts,*/.classpath'
2024-10-11 18:02:53.486 [info] ExtensionService#_doActivateExtension redhat.fabric8-analytics, startup: true, activationEvent: 'workspaceContains:**/package.json,**/pom.xml,**/go.mod,**/requirements.txt'
2024-10-11 18:02:54.357 [info] ExtensionService#_doActivateExtension vscjava.vscode-maven, startup: true, activationEvent: 'workspaceContains:**/pom.xml'
2024-10-11 18:02:54.359 [info] ExtensionService#_doActivateExtension vscjava.vscode-java-debug, startup: true, activationEvent: 'workspaceContains:*/pom.xml,*/build.gradle,*/settings.gradle,*/build.gradle.kts,*/settings.gradle.kts,*/.classpath', root cause: vscjava.vscode-java-test
2024-10-11 18:02:55.753 [warning] [redhat.java] Accessing a resource scoped configuration without providing a resource is not expected. To get the effective value for '[java]', provide the URI of a resource or 'null' for any resource.
2024-10-11 18:02:55.837 [info] ExtensionService#_doActivateExtension vscjava.vscode-java-test, startup: true, activationEvent: 'workspaceContains:*/pom.xml,*/build.gradle,*/settings.gradle,*/build.gradle.kts,*/settings.gradle.kts,*/.classpath'
2024-10-11 18:02:56.241 [warning] [redhat.java] Accessing a resource scoped configuration without providing a resource is not expected. To get the effective value for '[java]', provide the URI of a resource or 'null' for any resource.
2024-10-11 18:02:56.685 [info] ExtensionService#_doActivateExtension vscode.github-authentication, startup: false, activationEvent: 'onAuthenticationRequest:github'
2024-10-11 18:03:02.597 [info] ExtensionService#_doActivateExtension EditorConfig.EditorConfig, startup: false, activationEvent: 'onStartupFinished'
2024-10-11 18:03:02.598 [info] ExtensionService#_doActivateExtension google.cloud-shell, startup: false, activationEvent: 'onStartupFinished'
2024-10-11 18:03:02.598 [info] ExtensionService#_doActivateExtension googlecloudtools.cloudcode, startup: false, activationEvent: 'onStartupFinished'
2024-10-11 18:03:02.599 [info] ExtensionService#_doActivateExtension vscode.debug-auto-launch, startup: false, activationEvent: 'onStartupFinished'
2024-10-11 18:03:02.599 [info] ExtensionService#_doActivateExtension vscode.merge-conflict, startup: false, activationEvent: 'onStartupFinished'
2024-10-11 18:03:15.215 [info] ExtensionService#_doActivateExtension vscode.json-language-features, startup: false, activationEvent: 'onLanguage:jsonc'
2024-10-11 18:03:15.221 [info] ExtensionService#_doActivateExtension vscode.typescript-language-features, startup: false, activationEvent: 'onLanguage:jsonc'
2024-10-11 18:03:18.862 [info] Eager extensions activated
2024-10-11 18:04:53.101 [warning] [Decorations] CAPPING events from decorations provider vscode.git 2945
2024-10-11 18:04:54.772 [warning] [Decorations] CAPPING events from decorations provider vscode.git 2945
2024-10-11 18:05:06.797 [warning] [Decorations] CAPPING events from decorations provider vscode.git 2945
2024-10-11 18:05:07.808 [error] Error: Failed to execute git
    at t.Git._exec (/google/devshell/editor/code-oss-for-cloud-shell/extensions/git/dist/main.js:2:129576)
    at processTicksAndRejections (node:internal/process/task_queues:95:5)
    at t.Git.exec (/google/devshell/editor/code-oss-for-cloud-shell/extensions/git/dist/main.js:2:128644)
    at N.exec (/google/devshell/editor/code-oss-for-cloud-shell/extensions/git/dist/main.js:2:134147)
    at N.handleCommitError (/google/devshell/editor/code-oss-for-cloud-shell/extensions/git/dist/main.js:2:141619)
    at N.commit (/google/devshell/editor/code-oss-for-cloud-shell/extensions/git/dist/main.js:2:141129)
    at /google/devshell/editor/code-oss-for-cloud-shell/extensions/git/dist/main.js:2:231394
    at T.retryRun (/google/devshell/editor/code-oss-for-cloud-shell/extensions/git/dist/main.js:2:246326)
    at T.run (/google/devshell/editor/code-oss-for-cloud-shell/extensions/git/dist/main.js:2:245930)
    at T.commit (/google/devshell/editor/code-oss-for-cloud-shell/extensions/git/dist/main.js:2:231076)
    at /google/devshell/editor/code-oss-for-cloud-shell/extensions/github/dist/extension.js:2:16497
2024-10-11 18:05:09.290 [error] Error: ENOENT: no such file or directory, lstat '/home/daposorunke/helloworld/pom.xml.git'
2024-10-11 18:05:14.022 [warning] [Decorations] CAPPING events from decorations provider vscode.git 2945
2024-10-11 18:05:19.275 [warning] [Decorations] CAPPING events from decorations provider vscode.git 2945
2024-10-11 18:05:19.884 [warning] [Decorations] CAPPING events from decorations provider vscode.git 2945
2024-10-11 18:05:21.527 [error] Error: ENOENT: no such file or directory, lstat '/home/daposorunke/helloworld/pom.xml.git'
2024-10-11 18:05:25.087 [warning] [Decorations] CAPPING events from decorations provider vscode.git 2945
2024-10-11 18:05:30.312 [warning] [Decorations] CAPPING events from decorations provider vscode.git 2945
2024-10-11 18:05:38.181 [warning] [Decorations] CAPPING events from decorations provider vscode.git 2947
2024-10-11 18:05:43.393 [warning] [Decorations] CAPPING events from decorations provider vscode.git 2947
2024-10-11 18:05:48.605 [warning] [Decorations] CAPPING events from decorations provider vscode.git 2947
2024-10-11 18:05:54.454 [warning] [Decorations] CAPPING events from decorations provider vscode.git 2947
2024-10-11 18:06:20.702 [warning] [Decorations] CAPPING events from decorations provider vscode.git 2947
2024-10-11 18:06:25.916 [warning] [Decorations] CAPPING events from decorations provider vscode.git 2947
2024-10-11 18:06:31.140 [warning] [Decorations] CAPPING events from decorations provider vscode.git 2947
2024-10-11 18:06:36.347 [warning] [Decorations] CAPPING events from decorations provider vscode.git 2947
2024-10-11 18:06:41.559 [warning] [Decorations] CAPPING events from decorations provider vscode.git 2948
2024-10-11 18:06:46.731 [warning] [Decorations] CAPPING events from decorations provider vscode.git 2948
2024-10-11 18:06:51.649 [warning] [Decorations] CAPPING events from decorations provider vscode.git 2948
2024-10-11 18:06:52.316 [warning] [Decorations] CAPPING events from decorations provider vscode.git 2948
2024-10-11 18:06:53.902 [error] Error: ENOENT: no such file or directory, lstat '/home/daposorunke/helloworld/pom.xml.git'
2024-10-11 18:06:57.560 [warning] [Decorations] CAPPING events from decorations provider vscode.git 2948
2024-10-11 18:07:02.770 [warning] [Decorations] CAPPING events from decorations provider vscode.git 2948
2024-10-11 18:07:07.994 [warning] [Decorations] CAPPING events from decorations provider vscode.git 2948
2024-10-11 18:07:12.512 [warning] [Decorations] CAPPING events from decorations provider vscode.git 2948
2024-10-11 18:07:14.719 [error] Error: ENOENT: no such file or directory, lstat '/home/daposorunke/helloworld/pom.xml.git'
2024-10-11 18:07:20.369 [error] Error: ENOENT: no such file or directory, lstat '/home/daposorunke/helloworld/pom.xml.git'
2024-10-11 18:07:28.645 [error] Error: ENOENT: no such file or directory, lstat '/home/daposorunke/helloworld/pom.xml.git'
2024-10-11 18:07:56.652 [error] Error: ENOENT: no such file or directory, lstat '/home/daposorunke/helloworld/pom.xml.git'
2024-10-11 18:08:00.243 [error] Error: ENOENT: no such file or directory, lstat '/home/daposorunke/helloworld/pom.xml.git'
2024-10-11 18:09:00.964 [error] Error: ENOENT: no such file or directory, lstat '/home/daposorunke/helloworld/pom.xml.git'
2024-10-11 18:09:00.965 [error] Error: ENOENT: no such file or directory, lstat '/home/daposorunke/helloworld/src/main/resources/application.properties.git'
2024-10-11 18:09:06.205 [error] Error: ENOENT: no such file or directory, lstat '/home/daposorunke/helloworld/pom.xml.git'
2024-10-11 18:09:06.206 [error] Error: ENOENT: no such file or directory, lstat '/home/daposorunke/helloworld/src/main/resources/application.properties.git'
2024-10-11 18:09:24.717 [error] Error: ENOENT: no such file or directory, lstat '/home/daposorunke/helloworld/pom.xml.git'
2024-10-11 18:09:24.718 [error] Error: ENOENT: no such file or directory, lstat '/home/daposorunke/helloworld/src/main/resources/application.properties.git'
2024-10-11 18:10:00.636 [error] Error: ENOENT: no such file or directory, lstat '/home/daposorunke/helloworld/pom.xml.git'
2024-10-11 18:10:00.637 [error] Error: ENOENT: no such file or directory, lstat '/home/daposorunke/helloworld/src/main/resources/application.properties.git'
2024-10-11 18:11:55.323 [error] Error: ENOENT: no such file or directory, lstat '/home/daposorunke/helloworld/pom.xml.git'
2024-10-11 18:11:55.324 [error] Error: ENOENT: no such file or directory, lstat '/home/daposorunke/helloworld/src/main/resources/application.properties.git'
2024-10-11 18:12:09.986 [error] Error: ENOENT: no such file or directory, lstat '/home/daposorunke/helloworld/pom.xml.git'
2024-10-11 18:12:09.987 [error] Error: ENOENT: no such file or directory, lstat '/home/daposorunke/helloworld/src/main/resources/application.properties.git'
2024-10-11 18:12:15.617 [error] Error: ENOENT: no such file or directory, lstat '/home/daposorunke/helloworld/pom.xml.git'
2024-10-11 18:12:15.619 [error] Error: ENOENT: no such file or directory, lstat '/home/daposorunke/helloworld/src/main/resources/application.properties.git'
2024-10-11 18:13:26.742 [error] Error: ENOENT: no such file or directory, lstat '/home/daposorunke/helloworld/pom.xml.git'
2024-10-11 18:13:26.744 [error] Error: ENOENT: no such file or directory, lstat '/home/daposorunke/helloworld/src/main/resources/application.properties.git'
2024-10-11 18:13:26.745 [error] Error: ENOENT: no such file or directory, lstat '/home/daposorunke/helloworld/src/main/java/com/example/demo/repository/UserRepository.java.git'
2024-10-11 18:13:34.920 [error] Error: ENOENT: no such file or directory, lstat '/home/daposorunke/helloworld/pom.xml.git'
2024-10-11 18:13:34.920 [error] Error: ENOENT: no such file or directory, lstat '/home/daposorunke/helloworld/src/main/resources/application.properties.git'
2024-10-11 18:13:34.924 [error] Error: ENOENT: no such file or directory, lstat '/home/daposorunke/helloworld/src/main/java/com/example/demo/repository/UserRepository.java.git'
2024-10-11 18:14:34.667 [error] Error: ENOENT: no such file or directory, lstat '/home/daposorunke/helloworld/pom.xml.git'
2024-10-11 18:14:34.668 [error] Error: ENOENT: no such file or directory, lstat '/home/daposorunke/helloworld/src/main/resources/application.properties.git'
2024-10-11 18:14:34.675 [error] Error: ENOENT: no such file or directory, lstat '/home/daposorunke/helloworld/src/main/java/com/example/demo/repository/UserRepository.java.git'
2024-10-11 18:14:35.830 [error] [redhat.java] provider FAILED
2024-10-11 18:14:35.915 [error] Error: The request (id: 26, method: 'textDocument/hover') has been cancelled
    at /google/devshell/editor/code-oss-for-cloud-shell/extensions/redhat.java/dist/extension.js:2:1106325
    at ie (/google/devshell/editor/code-oss-for-cloud-shell/extensions/redhat.java/dist/extension.js:2:1106619)
    at /google/devshell/editor/code-oss-for-cloud-shell/extensions/redhat.java/dist/extension.js:2:1101403
    at Immediate.<anonymous> (/google/devshell/editor/code-oss-for-cloud-shell/extensions/redhat.java/dist/extension.js:2:1101423)
    at processImmediate (node:internal/timers:476:21)
2024-10-11 18:15:07.215 [error] [redhat.java] provider FAILED
2024-10-11 18:15:07.216 [error] Error: The request (id: 71, method: 'textDocument/hover') has been cancelled
    at /google/devshell/editor/code-oss-for-cloud-shell/extensions/redhat.java/dist/extension.js:2:1106325
    at ie (/google/devshell/editor/code-oss-for-cloud-shell/extensions/redhat.java/dist/extension.js:2:1106619)
    at /google/devshell/editor/code-oss-for-cloud-shell/extensions/redhat.java/dist/extension.js:2:1101403
    at Immediate.<anonymous> (/google/devshell/editor/code-oss-for-cloud-shell/extensions/redhat.java/dist/extension.js:2:1101423)
    at processImmediate (node:internal/timers:476:21)
2024-10-11 18:15:42.138 [error] Error: ENOENT: no such file or directory, lstat '/home/daposorunke/helloworld/pom.xml.git'
2024-10-11 18:15:42.140 [error] Error: ENOENT: no such file or directory, lstat '/home/daposorunke/helloworld/src/main/resources/application.properties.git'
2024-10-11 18:15:42.141 [error] Error: ENOENT: no such file or directory, lstat '/home/daposorunke/helloworld/src/main/java/com/example/demo/repository/UserRepository.java.git'
2024-10-11 18:15:42.141 [error] Error: ENOENT: no such file or directory, lstat '/home/daposorunke/helloworld/src/main/java/com/example/demo/controller/UserController.java.git'
2024-10-11 18:15:42.142 [error] Error: ENOENT: no such file or directory, lstat '/home/daposorunke/helloworld/src/main/java/com/example/demo/model/User.java.git'
2024-10-11 18:15:42.142 [error] Error: ENOENT: no such file or directory, lstat '/home/daposorunke/helloworld/src/main/java/com/example/demo/DemoApplication.java.git'
2024-10-11 18:16:37.716 [error] Error: ENOENT: no such file or directory, lstat '/home/daposorunke/helloworld/pom.xml.git'
2024-10-11 18:16:37.718 [error] Error: ENOENT: no such file or directory, lstat '/home/daposorunke/helloworld/src/main/resources/application.properties.git'
2024-10-11 18:16:37.719 [error] Error: ENOENT: no such file or directory, lstat '/home/daposorunke/helloworld/src/main/java/com/example/demo/repository/UserRepository.java.git'
2024-10-11 18:16:37.722 [error] Error: ENOENT: no such file or directory, lstat '/home/daposorunke/helloworld/src/main/java/com/example/demo/controller/UserController.java.git'
2024-10-11 18:16:37.724 [error] Error: ENOENT: no such file or directory, lstat '/home/daposorunke/helloworld/src/main/java/com/example/demo/model/User.java.git'
2024-10-11 18:16:37.724 [error] Error: ENOENT: no such file or directory, lstat '/home/daposorunke/helloworld/src/main/java/com/example/demo/DemoApplication.java.git'
2024-10-11 18:22:09.117 [info] Extension host terminating: received terminate message from renderer
2024-10-11 18:22:09.119 [info] Lock '/home/daposorunke/.codeoss/data/User/workspaceStorage/-6f2281fa/vscode.lock': Marking the lockfile as scheduled to be released in 6000 ms.
2024-10-11 18:22:09.194 [error] Canceled: Canceled
    at new L (/google/devshell/editor/code-oss-for-cloud-shell/out/vs/workbench/api/node/extensionHostProcess.js:143:47131)
    at c.U (/google/devshell/editor/code-oss-for-cloud-shell/out/vs/workbench/api/node/extensionHostProcess.js:150:5542)
    at Proxy.F.<computed>.z.charCodeAt.F.<computed> (/google/devshell/editor/code-oss-for-cloud-shell/out/vs/workbench/api/node/extensionHostProcess.js:150:2993)
    at r.g (/google/devshell/editor/code-oss-for-cloud-shell/out/vs/workbench/api/node/extensionHostProcess.js:153:188926)
    at r.executeCommand (/google/devshell/editor/code-oss-for-cloud-shell/out/vs/workbench/api/node/extensionHostProcess.js:153:188364)
    at k.registerCommand.description (/google/devshell/editor/code-oss-for-cloud-shell/out/vs/workbench/api/node/extensionHostProcess.js:153:187688)
    at r.h (/google/devshell/editor/code-oss-for-cloud-shell/out/vs/workbench/api/node/extensionHostProcess.js:153:189465)
    at r.g (/google/devshell/editor/code-oss-for-cloud-shell/out/vs/workbench/api/node/extensionHostProcess.js:153:188457)
    at r.executeCommand (/google/devshell/editor/code-oss-for-cloud-shell/out/vs/workbench/api/node/extensionHostProcess.js:153:188364)
    at Object.executeCommand (/google/devshell/editor/code-oss-for-cloud-shell/out/vs/workbench/api/node/extensionHostProcess.js:163:22673)
    at a.O [as value] (/google/devshell/editor/code-oss-for-cloud-shell/extensions/git/dist/main.js:2:167800)
    at o.y (/google/devshell/editor/code-oss-for-cloud-shell/out/vs/workbench/api/node/extensionHostProcess.js:82:660)
    at o.z (/google/devshell/editor/code-oss-for-cloud-shell/out/vs/workbench/api/node/extensionHostProcess.js:82:730)
    at o.fire (/google/devshell/editor/code-oss-for-cloud-shell/out/vs/workbench/api/node/extensionHostProcess.js:82:946)
    at Object.p [as dispose] (/google/devshell/editor/code-oss-for-cloud-shell/extensions/git/dist/main.js:2:186884)
    at /google/devshell/editor/code-oss-for-cloud-shell/extensions/git/dist/main.js:2:192922
    at Array.forEach (<anonymous>)
    at f.dispose (/google/devshell/editor/code-oss-for-cloud-shell/extensions/git/dist/main.js:2:192908)
    at h.<anonymous> (/google/devshell/editor/code-oss-for-cloud-shell/out/vs/workbench/api/node/extensionHostProcess.js:151:3955)
    at h.dispose (/google/devshell/editor/code-oss-for-cloud-shell/out/vs/workbench/api/node/extensionHostProcess.js:151:4052)
    at h.<anonymous> (/google/devshell/editor/code-oss-for-cloud-shell/extensions/git/dist/main.js:2:170057)
    at h.dispose (/google/devshell/editor/code-oss-for-cloud-shell/out/vs/workbench/api/node/extensionHostProcess.js:151:4052)
    at a (/google/devshell/editor/code-oss-for-cloud-shell/out/vs/workbench/api/node/extensionHostProcess.js:30:744)
    at f.eb (/google/devshell/editor/code-oss-for-cloud-shell/out/vs/workbench/api/node/extensionHostProcess.js:159:9975)
    at /google/devshell/editor/code-oss-for-cloud-shell/out/vs/workbench/api/node/extensionHostProcess.js:159:7824
    at Array.map (<anonymous>)
    at f.$ (/google/devshell/editor/code-oss-for-cloud-shell/out/vs/workbench/api/node/extensionHostProcess.js:159:7811)
    at f.terminate (/google/devshell/editor/code-oss-for-cloud-shell/out/vs/workbench/api/node/extensionHostProcess.js:159:8085)
    at a.terminate (/google/devshell/editor/code-oss-for-cloud-shell/out/vs/workbench/api/node/extensionHostProcess.js:163:1513)
    at t (/google/devshell/editor/code-oss-for-cloud-shell/out/vs/workbench/api/node/extensionHostProcess.js:176:9922)
    at a.value (/google/devshell/editor/code-oss-for-cloud-shell/out/vs/workbench/api/node/extensionHostProcess.js:176:7969)
    at o.y (/google/devshell/editor/code-oss-for-cloud-shell/out/vs/workbench/api/node/extensionHostProcess.js:82:660)
    at o.fire (/google/devshell/editor/code-oss-for-cloud-shell/out/vs/workbench/api/node/extensionHostProcess.js:82:877)
    at u.fire (/google/devshell/editor/code-oss-for-cloud-shell/out/vs/workbench/api/node/extensionHostProcess.js:107:14175)
    at r.z (/google/devshell/editor/code-oss-for-cloud-shell/out/vs/workbench/api/node/extensionHostProcess.js:107:17240)
    at a.value (/google/devshell/editor/code-oss-for-cloud-shell/out/vs/workbench/api/node/extensionHostProcess.js:107:15692)
    at o.y (/google/devshell/editor/code-oss-for-cloud-shell/out/vs/workbench/api/node/extensionHostProcess.js:82:660)
    at o.fire (/google/devshell/editor/code-oss-for-cloud-shell/out/vs/workbench/api/node/extensionHostProcess.js:82:877)
    at f.acceptChunk (/google/devshell/editor/code-oss-for-cloud-shell/out/vs/workbench/api/node/extensionHostProcess.js:107:11949)
    at a.value (/google/devshell/editor/code-oss-for-cloud-shell/out/vs/workbench/api/node/extensionHostProcess.js:107:11236)
    at o.y (/google/devshell/editor/code-oss-for-cloud-shell/out/vs/workbench/api/node/extensionHostProcess.js:82:660)
    at o.fire (/google/devshell/editor/code-oss-for-cloud-shell/out/vs/workbench/api/node/extensionHostProcess.js:82:877)
    at i.z (/google/devshell/editor/code-oss-for-cloud-shell/out/vs/workbench/api/node/extensionHostProcess.js:173:19732)
    at i.acceptFrame (/google/devshell/editor/code-oss-for-cloud-shell/out/vs/workbench/api/node/extensionHostProcess.js:173:19538)
    at n (/google/devshell/editor/code-oss-for-cloud-shell/out/vs/workbench/api/node/extensionHostProcess.js:173:18037)
    at /google/devshell/editor/code-oss-for-cloud-shell/out/vs/workbench/api/node/extensionHostProcess.js:173:15257
    at Socket.S (/google/devshell/editor/code-oss-for-cloud-shell/out/vs/workbench/api/node/extensionHostProcess.js:173:13162)
    at Socket.emit (node:events:517:28)
    at addChunk (node:internal/streams/readable:335:12)
    at readableAddChunk (node:internal/streams/readable:308:9)
    at Socket.Readable.push (node:internal/streams/readable:245:10)
    at TCP.onStreamRead (node:internal/stream_base_commons:190:23) setContext undefined
2024-10-11 18:22:09.196 [error] Canceled: Canceled
    at new L (/google/devshell/editor/code-oss-for-cloud-shell/out/vs/workbench/api/node/extensionHostProcess.js:143:47131)
    at c.U (/google/devshell/editor/code-oss-for-cloud-shell/out/vs/workbench/api/node/extensionHostProcess.js:150:5542)
    at Proxy.F.<computed>.z.charCodeAt.F.<computed> (/google/devshell/editor/code-oss-for-cloud-shell/out/vs/workbench/api/node/extensionHostProcess.js:150:2993)
    at r.g (/google/devshell/editor/code-oss-for-cloud-shell/out/vs/workbench/api/node/extensionHostProcess.js:153:188926)
    at r.executeCommand (/google/devshell/editor/code-oss-for-cloud-shell/out/vs/workbench/api/node/extensionHostProcess.js:153:188364)
    at k.registerCommand.description (/google/devshell/editor/code-oss-for-cloud-shell/out/vs/workbench/api/node/extensionHostProcess.js:153:187688)
    at r.h (/google/devshell/editor/code-oss-for-cloud-shell/out/vs/workbench/api/node/extensionHostProcess.js:153:189465)
    at r.g (/google/devshell/editor/code-oss-for-cloud-shell/out/vs/workbench/api/node/extensionHostProcess.js:153:188457)
    at r.executeCommand (/google/devshell/editor/code-oss-for-cloud-shell/out/vs/workbench/api/node/extensionHostProcess.js:153:188364)
    at Object.executeCommand (/google/devshell/editor/code-oss-for-cloud-shell/out/vs/workbench/api/node/extensionHostProcess.js:163:22673)
    at a.VscodeDevShareProvider.set hasGitHubRepositories [as hasGitHubRepositories] (/google/devshell/editor/code-oss-for-cloud-shell/extensions/github/dist/extension.js:2:25681)
    at /google/devshell/editor/code-oss-for-cloud-shell/extensions/github/dist/extension.js:2:26640
    at a.value (/google/devshell/editor/code-oss-for-cloud-shell/extensions/git/dist/main.js:2:273373)
    at o.y (/google/devshell/editor/code-oss-for-cloud-shell/out/vs/workbench/api/node/extensionHostProcess.js:82:660)
    at o.z (/google/devshell/editor/code-oss-for-cloud-shell/out/vs/workbench/api/node/extensionHostProcess.js:82:730)
    at o.fire (/google/devshell/editor/code-oss-for-cloud-shell/out/vs/workbench/api/node/extensionHostProcess.js:82:946)
    at Object.p [as dispose] (/google/devshell/editor/code-oss-for-cloud-shell/extensions/git/dist/main.js:2:186884)
    at /google/devshell/editor/code-oss-for-cloud-shell/extensions/git/dist/main.js:2:192922
    at Array.forEach (<anonymous>)
    at f.dispose (/google/devshell/editor/code-oss-for-cloud-shell/extensions/git/dist/main.js:2:192908)
    at h.<anonymous> (/google/devshell/editor/code-oss-for-cloud-shell/out/vs/workbench/api/node/extensionHostProcess.js:151:3955)
    at h.dispose (/google/devshell/editor/code-oss-for-cloud-shell/out/vs/workbench/api/node/extensionHostProcess.js:151:4052)
    at h.<anonymous> (/google/devshell/editor/code-oss-for-cloud-shell/extensions/git/dist/main.js:2:170057)
    at h.dispose (/google/devshell/editor/code-oss-for-cloud-shell/out/vs/workbench/api/node/extensionHostProcess.js:151:4052)
    at a (/google/devshell/editor/code-oss-for-cloud-shell/out/vs/workbench/api/node/extensionHostProcess.js:30:744)
    at f.eb (/google/devshell/editor/code-oss-for-cloud-shell/out/vs/workbench/api/node/extensionHostProcess.js:159:9975)
    at /google/devshell/editor/code-oss-for-cloud-shell/out/vs/workbench/api/node/extensionHostProcess.js:159:7824
    at Array.map (<anonymous>)
    at f.$ (/google/devshell/editor/code-oss-for-cloud-shell/out/vs/workbench/api/node/extensionHostProcess.js:159:7811)
    at f.terminate (/google/devshell/editor/code-oss-for-cloud-shell/out/vs/workbench/api/node/extensionHostProcess.js:159:8085)
    at a.terminate (/google/devshell/editor/code-oss-for-cloud-shell/out/vs/workbench/api/node/extensionHostProcess.js:163:1513)
    at t (/google/devshell/editor/code-oss-for-cloud-shell/out/vs/workbench/api/node/extensionHostProcess.js:176:9922)
    at a.value (/google/devshell/editor/code-oss-for-cloud-shell/out/vs/workbench/api/node/extensionHostProcess.js:176:7969)
    at o.y (/google/devshell/editor/code-oss-for-cloud-shell/out/vs/workbench/api/node/extensionHostProcess.js:82:660)
    at o.fire (/google/devshell/editor/code-oss-for-cloud-shell/out/vs/workbench/api/node/extensionHostProcess.js:82:877)
    at u.fire (/google/devshell/editor/code-oss-for-cloud-shell/out/vs/workbench/api/node/extensionHostProcess.js:107:14175)
    at r.z (/google/devshell/editor/code-oss-for-cloud-shell/out/vs/workbench/api/node/extensionHostProcess.js:107:17240)
    at a.value (/google/devshell/editor/code-oss-for-cloud-shell/out/vs/workbench/api/node/extensionHostProcess.js:107:15692)
    at o.y (/google/devshell/editor/code-oss-for-cloud-shell/out/vs/workbench/api/node/extensionHostProcess.js:82:660)
    at o.fire (/google/devshell/editor/code-oss-for-cloud-shell/out/vs/workbench/api/node/extensionHostProcess.js:82:877)
    at f.acceptChunk (/google/devshell/editor/code-oss-for-cloud-shell/out/vs/workbench/api/node/extensionHostProcess.js:107:11949)
    at a.value (/google/devshell/editor/code-oss-for-cloud-shell/out/vs/workbench/api/node/extensionHostProcess.js:107:11236)
    at o.y (/google/devshell/editor/code-oss-for-cloud-shell/out/vs/workbench/api/node/extensionHostProcess.js:82:660)
    at o.fire (/google/devshell/editor/code-oss-for-cloud-shell/out/vs/workbench/api/node/extensionHostProcess.js:82:877)
    at i.z (/google/devshell/editor/code-oss-for-cloud-shell/out/vs/workbench/api/node/extensionHostProcess.js:173:19732)
    at i.acceptFrame (/google/devshell/editor/code-oss-for-cloud-shell/out/vs/workbench/api/node/extensionHostProcess.js:173:19538)
    at n (/google/devshell/editor/code-oss-for-cloud-shell/out/vs/workbench/api/node/extensionHostProcess.js:173:18037)
    at /google/devshell/editor/code-oss-for-cloud-shell/out/vs/workbench/api/node/extensionHostProcess.js:173:15257
    at Socket.S (/google/devshell/editor/code-oss-for-cloud-shell/out/vs/workbench/api/node/extensionHostProcess.js:173:13162)
    at Socket.emit (node:events:517:28)
    at addChunk (node:internal/streams/readable:335:12)
    at readableAddChunk (node:internal/streams/readable:308:9)
    at Socket.Readable.push (node:internal/streams/readable:245:10)
    at TCP.onStreamRead (node:internal/stream_base_commons:190:23) setContext undefined
2024-10-11 18:22:09.237 [info] Extension host with pid 11168 exiting with code 0
