2024-10-12 18:55:57.181 [info] Log level: Info
2024-10-12 18:55:57.182 [info] Validating found git in: "git"
2024-10-12 18:55:57.182 [info] Using git "2.43.0" from "git"
2024-10-12 18:55:57.182 [info] > git rev-parse --show-toplevel [15ms]
2024-10-12 18:55:57.254 [info] > git rev-parse --git-dir --git-common-dir [14ms]
2024-10-12 18:55:57.308 [info] Open repository: /home/daposorunke
2024-10-12 18:55:57.380 [info] > git config --get commit.template [29ms]
2024-10-12 18:55:57.409 [info] > git rev-parse --show-toplevel [34ms]
2024-10-12 18:55:57.443 [info] > git for-each-ref --format=%(refname)%00%(upstream:short)%00%(objectname)%00%(upstream:track)%00%(upstream:remotename)%00%(upstream:remoteref) refs/heads/skills-check refs/remotes/skills-check [37ms]
2024-10-12 18:55:57.474 [info] > git rev-parse --show-toplevel [32ms]
2024-10-12 18:55:57.549 [info] > git rev-parse --show-toplevel [35ms]
2024-10-12 18:55:57.613 [info] > git rev-parse --show-toplevel [21ms]
2024-10-12 18:55:57.663 [info] > git rev-parse --show-toplevel [9ms]
2024-10-12 18:55:57.714 [info] > git rev-parse --show-toplevel [17ms]
2024-10-12 18:55:57.767 [info] > git rev-parse --show-toplevel [12ms]
2024-10-12 18:55:57.811 [info] > git status -z -uall [341ms]
2024-10-12 18:55:57.930 [info] > git merge-base refs/heads/skills-check refs/remotes/think-on/skills-check [84ms]
2024-10-12 18:55:57.978 [info] > git rev-parse --show-toplevel [171ms]
2024-10-12 18:55:58.225 [info] > git rev-list --count --left-right refs/heads/skills-check...refs/remotes/think-on/skills-check [242ms]
2024-10-12 18:55:58.251 [info] > git config --get commit.template [322ms]
2024-10-12 18:55:58.313 [info] > git check-ignore -v -z --stdin [36ms]
2024-10-12 18:55:58.316 [info] > git diff --name-status -z --diff-filter=ADMR d42c2b440f02a15f836f4cea15934337ec6a11f3...refs/remotes/think-on/skills-check [68ms]
2024-10-12 18:55:58.318 [info] > git rev-parse --show-toplevel [206ms]
2024-10-12 18:55:58.366 [info] > git for-each-ref --format=%(refname)%00%(upstream:short)%00%(objectname)%00%(upstream:track)%00%(upstream:remotename)%00%(upstream:remoteref) refs/heads/skills-check refs/remotes/skills-check [18ms]
2024-10-12 18:55:58.945 [info] > git status -z -uall [529ms]
2024-10-12 18:56:01.723 [info] > git show --textconv :helloworld/src/main/java/com/example/demo/model/User.java [47ms]
2024-10-12 18:56:01.735 [info] > git ls-files --stage -- /home/daposorunke/helloworld/src/main/java/com/example/demo/model/User.java [15ms]
2024-10-12 18:56:01.788 [info] > git cat-file -s 68f624b3ffa3252c003c84b982acf53b223b8c47 [10ms]
2024-10-12 18:56:18.541 [info] > git check-ignore -v -z --stdin [124ms]
2024-10-12 18:59:21.368 [info] > git config --get commit.template [31ms]
2024-10-12 18:59:21.370 [info] > git for-each-ref --format=%(refname)%00%(upstream:short)%00%(objectname)%00%(upstream:track)%00%(upstream:remotename)%00%(upstream:remoteref) refs/heads/skills-check refs/remotes/skills-check [4ms]
2024-10-12 18:59:21.488 [info] > git status -z -uall [89ms]
2024-10-12 18:59:40.465 [info] > git config --get commit.template [30ms]
2024-10-12 18:59:40.466 [info] > git for-each-ref --format=%(refname)%00%(upstream:short)%00%(objectname)%00%(upstream:track)%00%(upstream:remotename)%00%(upstream:remoteref) refs/heads/skills-check refs/remotes/skills-check [4ms]
2024-10-12 18:59:40.583 [info] > git status -z -uall [90ms]
2024-10-12 18:59:45.656 [info] > git config --get commit.template [31ms]
2024-10-12 18:59:45.657 [info] > git for-each-ref --format=%(refname)%00%(upstream:short)%00%(objectname)%00%(upstream:track)%00%(upstream:remotename)%00%(upstream:remoteref) refs/heads/skills-check refs/remotes/skills-check [4ms]
2024-10-12 18:59:45.769 [info] > git status -z -uall [85ms]
2024-10-12 18:59:50.810 [info] > git config --get commit.template [2ms]
2024-10-12 18:59:50.839 [info] > git for-each-ref --format=%(refname)%00%(upstream:short)%00%(objectname)%00%(upstream:track)%00%(upstream:remotename)%00%(upstream:remoteref) refs/heads/skills-check refs/remotes/skills-check [3ms]
2024-10-12 18:59:50.954 [info] > git status -z -uall [87ms]
2024-10-12 18:59:52.410 [info] > git show --textconv :helloworld/app.yaml [31ms]
2024-10-12 18:59:52.413 [info] > git ls-files --stage -- /home/daposorunke/helloworld/app.yaml [6ms]
2024-10-12 18:59:52.521 [info] > git check-ignore -v -z --stdin [4ms]
2024-10-12 18:59:56.023 [info] > git config --get commit.template [29ms]
2024-10-12 18:59:56.026 [info] > git for-each-ref --format=%(refname)%00%(upstream:short)%00%(objectname)%00%(upstream:track)%00%(upstream:remotename)%00%(upstream:remoteref) refs/heads/skills-check refs/remotes/skills-check [4ms]
2024-10-12 18:59:56.138 [info] > git status -z -uall [85ms]
2024-10-12 19:00:08.722 [info] > git config --get commit.template [30ms]
2024-10-12 19:00:08.723 [info] > git for-each-ref --format=%(refname)%00%(upstream:short)%00%(objectname)%00%(upstream:track)%00%(upstream:remotename)%00%(upstream:remoteref) refs/heads/skills-check refs/remotes/skills-check [3ms]
2024-10-12 19:00:08.837 [info] > git status -z -uall [86ms]
2024-10-12 19:01:16.856 [info] > git config --get commit.template [31ms]
2024-10-12 19:01:16.857 [info] > git for-each-ref --format=%(refname)%00%(upstream:short)%00%(objectname)%00%(upstream:track)%00%(upstream:remotename)%00%(upstream:remoteref) refs/heads/skills-check refs/remotes/skills-check [3ms]
2024-10-12 19:01:16.974 [info] > git status -z -uall [88ms]
2024-10-12 19:01:22.044 [info] > git config --get commit.template [33ms]
2024-10-12 19:01:22.046 [info] > git for-each-ref --format=%(refname)%00%(upstream:short)%00%(objectname)%00%(upstream:track)%00%(upstream:remotename)%00%(upstream:remoteref) refs/heads/skills-check refs/remotes/skills-check [5ms]
2024-10-12 19:01:22.170 [info] > git status -z -uall [91ms]
2024-10-12 19:01:27.213 [info] > git config --get commit.template [4ms]
2024-10-12 19:01:27.243 [info] > git for-each-ref --format=%(refname)%00%(upstream:short)%00%(objectname)%00%(upstream:track)%00%(upstream:remotename)%00%(upstream:remoteref) refs/heads/skills-check refs/remotes/skills-check [4ms]
2024-10-12 19:01:27.371 [info] > git status -z -uall [92ms]
2024-10-12 19:01:32.438 [info] > git config --get commit.template [29ms]
2024-10-12 19:01:32.439 [info] > git for-each-ref --format=%(refname)%00%(upstream:short)%00%(objectname)%00%(upstream:track)%00%(upstream:remotename)%00%(upstream:remoteref) refs/heads/skills-check refs/remotes/skills-check [2ms]
2024-10-12 19:01:32.567 [info] > git status -z -uall [101ms]
2024-10-12 19:02:31.436 [info] > git config --get commit.template [32ms]
2024-10-12 19:02:31.438 [info] > git for-each-ref --format=%(refname)%00%(upstream:short)%00%(objectname)%00%(upstream:track)%00%(upstream:remotename)%00%(upstream:remoteref) refs/heads/skills-check refs/remotes/skills-check [3ms]
2024-10-12 19:02:31.555 [info] > git status -z -uall [90ms]
2024-10-12 19:02:36.627 [info] > git config --get commit.template [34ms]
2024-10-12 19:02:36.628 [info] > git for-each-ref --format=%(refname)%00%(upstream:short)%00%(objectname)%00%(upstream:track)%00%(upstream:remotename)%00%(upstream:remoteref) refs/heads/skills-check refs/remotes/skills-check [3ms]
2024-10-12 19:02:36.741 [info] > git status -z -uall [85ms]
2024-10-12 19:02:41.814 [info] > git config --get commit.template [37ms]
2024-10-12 19:02:41.817 [info] > git for-each-ref --format=%(refname)%00%(upstream:short)%00%(objectname)%00%(upstream:track)%00%(upstream:remotename)%00%(upstream:remoteref) refs/heads/skills-check refs/remotes/skills-check [4ms]
2024-10-12 19:02:42.733 [info] > git status -z -uall [875ms]
2024-10-12 19:02:47.806 [info] > git config --get commit.template [30ms]
2024-10-12 19:02:47.809 [info] > git for-each-ref --format=%(refname)%00%(upstream:short)%00%(objectname)%00%(upstream:track)%00%(upstream:remotename)%00%(upstream:remoteref) refs/heads/skills-check refs/remotes/skills-check [4ms]
2024-10-12 19:02:47.924 [info] > git status -z -uall [88ms]
2024-10-12 19:08:02.096 [info] > git config --get commit.template [31ms]
2024-10-12 19:08:02.097 [info] > git for-each-ref --format=%(refname)%00%(upstream:short)%00%(objectname)%00%(upstream:track)%00%(upstream:remotename)%00%(upstream:remoteref) refs/heads/skills-check refs/remotes/skills-check [3ms]
2024-10-12 19:08:02.217 [info] > git status -z -uall [91ms]
2024-10-12 19:08:07.287 [info] > git config --get commit.template [30ms]
2024-10-12 19:08:07.289 [info] > git for-each-ref --format=%(refname)%00%(upstream:short)%00%(objectname)%00%(upstream:track)%00%(upstream:remotename)%00%(upstream:remoteref) refs/heads/skills-check refs/remotes/skills-check [3ms]
2024-10-12 19:08:07.405 [info] > git status -z -uall [88ms]
2024-10-12 19:08:10.015 [info] > git show --textconv :helloworld/pom.xml [52ms]
2024-10-12 19:08:10.032 [info] > git ls-files --stage -- /home/daposorunke/helloworld/pom.xml [26ms]
2024-10-12 19:08:10.081 [info] > git cat-file -s b386e0fc9fb7de496a5e344d5a3c59ab62b5f845 [5ms]
2024-10-12 19:08:12.730 [info] > git config --get commit.template [40ms]
2024-10-12 19:08:12.735 [info] > git for-each-ref --format=%(refname)%00%(upstream:short)%00%(objectname)%00%(upstream:track)%00%(upstream:remotename)%00%(upstream:remoteref) refs/heads/skills-check refs/remotes/skills-check [6ms]
2024-10-12 19:08:12.950 [info] > git status -z -uall [171ms]
2024-10-12 19:08:27.149 [info] > git config --get commit.template [30ms]
2024-10-12 19:08:27.150 [info] > git for-each-ref --format=%(refname)%00%(upstream:short)%00%(objectname)%00%(upstream:track)%00%(upstream:remotename)%00%(upstream:remoteref) refs/heads/skills-check refs/remotes/skills-check [3ms]
2024-10-12 19:08:27.271 [info] > git status -z -uall [89ms]
2024-10-12 19:08:32.047 [info] > git check-ignore -v -z --stdin [5ms]
2024-10-12 19:08:32.343 [info] > git config --get commit.template [29ms]
2024-10-12 19:08:32.344 [info] > git for-each-ref --format=%(refname)%00%(upstream:short)%00%(objectname)%00%(upstream:track)%00%(upstream:remotename)%00%(upstream:remoteref) refs/heads/skills-check refs/remotes/skills-check [3ms]
2024-10-12 19:08:32.459 [info] > git status -z -uall [86ms]
2024-10-12 19:08:37.524 [info] > git config --get commit.template [30ms]
2024-10-12 19:08:37.525 [info] > git for-each-ref --format=%(refname)%00%(upstream:short)%00%(objectname)%00%(upstream:track)%00%(upstream:remotename)%00%(upstream:remoteref) refs/heads/skills-check refs/remotes/skills-check [5ms]
2024-10-12 19:08:37.638 [info] > git status -z -uall [85ms]
2024-10-12 19:08:42.704 [info] > git config --get commit.template [30ms]
2024-10-12 19:08:42.705 [info] > git for-each-ref --format=%(refname)%00%(upstream:short)%00%(objectname)%00%(upstream:track)%00%(upstream:remotename)%00%(upstream:remoteref) refs/heads/skills-check refs/remotes/skills-check [3ms]
2024-10-12 19:08:42.819 [info] > git status -z -uall [86ms]
2024-10-12 19:09:03.162 [info] > git for-each-ref --format=%(refname)%00%(upstream:short)%00%(objectname)%00%(upstream:track)%00%(upstream:remotename)%00%(upstream:remoteref) refs/heads/skills-check refs/remotes/skills-check [2ms]
2024-10-12 19:09:03.163 [info] > git config --get commit.template [35ms]
2024-10-12 19:09:03.280 [info] > git status -z -uall [88ms]
2024-10-12 19:09:05.410 [info] > git show --textconv :helloworld/app.yaml [33ms]
2024-10-12 19:09:05.414 [info] > git ls-files --stage -- /home/daposorunke/helloworld/app.yaml [7ms]
2024-10-12 19:09:08.343 [info] > git config --get commit.template [27ms]
2024-10-12 19:09:08.344 [info] > git for-each-ref --format=%(refname)%00%(upstream:short)%00%(objectname)%00%(upstream:track)%00%(upstream:remotename)%00%(upstream:remoteref) refs/heads/skills-check refs/remotes/skills-check [3ms]
2024-10-12 19:09:08.461 [info] > git status -z -uall [89ms]
2024-10-12 19:09:17.271 [info] > git for-each-ref --format=%(refname)%00%(upstream:short)%00%(objectname)%00%(upstream:track)%00%(upstream:remotename)%00%(upstream:remoteref) refs/heads/skills-check refs/remotes/skills-check [4ms]
2024-10-12 19:09:17.271 [info] > git config --get commit.template [34ms]
2024-10-12 19:09:17.392 [info] > git status -z -uall [91ms]
2024-10-12 19:09:22.436 [info] > git config --get commit.template [3ms]
2024-10-12 19:09:22.466 [info] > git for-each-ref --format=%(refname)%00%(upstream:short)%00%(objectname)%00%(upstream:track)%00%(upstream:remotename)%00%(upstream:remoteref) refs/heads/skills-check refs/remotes/skills-check [3ms]
2024-10-12 19:09:22.608 [info] > git status -z -uall [114ms]
2024-10-12 19:09:27.682 [info] > git config --get commit.template [29ms]
2024-10-12 19:09:27.683 [info] > git for-each-ref --format=%(refname)%00%(upstream:short)%00%(objectname)%00%(upstream:track)%00%(upstream:remotename)%00%(upstream:remoteref) refs/heads/skills-check refs/remotes/skills-check [3ms]
2024-10-12 19:09:27.796 [info] > git status -z -uall [87ms]
2024-10-12 19:09:34.876 [info] > git config --get commit.template [29ms]
2024-10-12 19:09:34.877 [info] > git for-each-ref --format=%(refname)%00%(upstream:short)%00%(objectname)%00%(upstream:track)%00%(upstream:remotename)%00%(upstream:remoteref) refs/heads/skills-check refs/remotes/skills-check [3ms]
2024-10-12 19:09:34.991 [info] > git status -z -uall [88ms]
2024-10-12 19:10:49.044 [info] > git config --get commit.template [32ms]
2024-10-12 19:10:49.044 [info] > git for-each-ref --format=%(refname)%00%(upstream:short)%00%(objectname)%00%(upstream:track)%00%(upstream:remotename)%00%(upstream:remoteref) refs/heads/skills-check refs/remotes/skills-check [4ms]
2024-10-12 19:10:49.160 [info] > git status -z -uall [88ms]
2024-10-12 19:11:03.609 [info] > git config --get commit.template [31ms]
2024-10-12 19:11:03.610 [info] > git for-each-ref --format=%(refname)%00%(upstream:short)%00%(objectname)%00%(upstream:track)%00%(upstream:remotename)%00%(upstream:remoteref) refs/heads/skills-check refs/remotes/skills-check [4ms]
2024-10-12 19:11:03.730 [info] > git status -z -uall [90ms]
2024-10-12 19:12:22.359 [info] > git config --get commit.template [30ms]
2024-10-12 19:12:22.360 [info] > git for-each-ref --format=%(refname)%00%(upstream:short)%00%(objectname)%00%(upstream:track)%00%(upstream:remotename)%00%(upstream:remoteref) refs/heads/skills-check refs/remotes/skills-check [3ms]
2024-10-12 19:12:22.481 [info] > git status -z -uall [91ms]
2024-10-12 19:12:27.520 [info] > git config --get commit.template [3ms]
2024-10-12 19:12:27.558 [info] > git for-each-ref --format=%(refname)%00%(upstream:short)%00%(objectname)%00%(upstream:track)%00%(upstream:remotename)%00%(upstream:remoteref) refs/heads/skills-check refs/remotes/skills-check [4ms]
2024-10-12 19:12:27.675 [info] > git status -z -uall [85ms]
2024-10-12 19:12:38.849 [info] > git config --get commit.template [4ms]
2024-10-12 19:12:38.877 [info] > git for-each-ref --format=%(refname)%00%(upstream:short)%00%(objectname)%00%(upstream:track)%00%(upstream:remotename)%00%(upstream:remoteref) refs/heads/skills-check refs/remotes/skills-check [2ms]
2024-10-12 19:12:38.990 [info] > git status -z -uall [85ms]
2024-10-12 19:12:55.583 [info] > git config --get commit.template [30ms]
2024-10-12 19:12:55.587 [info] > git for-each-ref --format=%(refname)%00%(upstream:short)%00%(objectname)%00%(upstream:track)%00%(upstream:remotename)%00%(upstream:remoteref) refs/heads/skills-check refs/remotes/skills-check [6ms]
2024-10-12 19:12:55.708 [info] > git status -z -uall [93ms]
2024-10-12 19:13:00.751 [info] > git config --get commit.template [2ms]
2024-10-12 19:13:00.782 [info] > git for-each-ref --format=%(refname)%00%(upstream:short)%00%(objectname)%00%(upstream:track)%00%(upstream:remotename)%00%(upstream:remoteref) refs/heads/skills-check refs/remotes/skills-check [2ms]
2024-10-12 19:13:00.903 [info] > git status -z -uall [93ms]
2024-10-12 19:16:48.781 [info] > git config --get commit.template [30ms]
2024-10-12 19:16:48.782 [info] > git for-each-ref --format=%(refname)%00%(upstream:short)%00%(objectname)%00%(upstream:track)%00%(upstream:remotename)%00%(upstream:remoteref) refs/heads/skills-check refs/remotes/skills-check [3ms]
2024-10-12 19:16:48.906 [info] > git status -z -uall [95ms]
2024-10-12 19:16:50.188 [info] > git merge-base refs/heads/skills-check refs/remotes/think-on/skills-check [3ms]
2024-10-12 19:16:50.219 [info] > git rev-list --count --left-right refs/heads/skills-check...refs/remotes/think-on/skills-check [3ms]
2024-10-12 19:16:50.921 [info] > git check-ignore -v -z --stdin [6ms]
2024-10-12 19:16:53.976 [info] > git config --get commit.template [29ms]
2024-10-12 19:16:53.977 [info] > git for-each-ref --format=%(refname)%00%(upstream:short)%00%(objectname)%00%(upstream:track)%00%(upstream:remotename)%00%(upstream:remoteref) refs/heads/skills-check refs/remotes/skills-check [3ms]
2024-10-12 19:16:54.097 [info] > git status -z -uall [93ms]
2024-10-12 19:16:59.134 [info] > git config --get commit.template [3ms]
2024-10-12 19:16:59.164 [info] > git for-each-ref --format=%(refname)%00%(upstream:short)%00%(objectname)%00%(upstream:track)%00%(upstream:remotename)%00%(upstream:remoteref) refs/heads/skills-check refs/remotes/skills-check [3ms]
2024-10-12 19:16:59.283 [info] > git status -z -uall [87ms]
