Initializing document watcher...
Document watcher initialized
daposorunke/helloworld/pom.xml: {}
daposorunke/helloworld/pom.xml: {}
daposorunke/helloworld/pom.xml: {}
daposorunke/helloworld/pom.xml: {}
daposorunke/helloworld/pom.xml: {}
daposorunke/helloworld/pom.xml: {}
daposorunke/helloworld/src/main/java/com/example/demo/controller/UserController.java: {}
daposorunke/helloworld/src/main/java/com/example/demo/controller/UserController.java: {}
daposorunke/helloworld/src/main/java/com/example/demo/controller/UserController.java: {}
daposorunke/helloworld/src/main/java/com/example/demo/model/User.java: {}
daposorunke/helloworld/src/main/java/com/example/demo/controller/UserController.java: {}
daposorunke/helloworld/src/main/java/com/example/demo/controller/UserController.java: {}
daposorunke/helloworld/src/main/java/com/example/demo/controller/UserController.java: {}
daposorunke/helloworld/src/main/java/com/example/demo/controller/UserController.java: {}
daposorunke/helloworld/src/main/java/com/example/demo/controller/UserController.java: {}
daposorunke/helloworld/src/main/java/com/example/demo/controller/UserController.java: {}
daposorunke/helloworld/src/main/java/com/example/demo/repository/UserRepository.java: {}
daposorunke/helloworld/src/main/java/com/example/demo/model/User.java: {}
daposorunke/helloworld/src/main/java/com/example/demo/model/User.java: {}
daposorunke/helloworld/src/main/java/com/example/demo/model/User.java: {}
