WARNING: Using incubator modules: jdk.incubator.vector, jdk.incubator.foreign
[Error - 6:56:17 PM] Oct 12, 2024, 6:56:07 PM Failed to create invisible project
Failed to create linked resource from '/home/daposorunke' to the invisible project 'daposorunke_40634e8c'.
org.eclipse.core.runtime.CoreException: Failed to create linked resource from '/home/daposorunke' to the invisible project 'daposorunke_40634e8c'.
	at org.eclipse.jdt.ls.core.internal.ProjectUtils.createInvisibleProjectIfNotExist(ProjectUtils.java:373)
	at org.eclipse.jdt.ls.core.internal.syntaxserver.SyntaxDocumentLifeCycleHandler.tryUpdateClasspath(SyntaxDocumentLifeCycleHandler.java:101)
	at org.eclipse.jdt.ls.core.internal.syntaxserver.SyntaxDocumentLifeCycleHandler.resolveCompilationUnit(SyntaxDocumentLifeCycleHandler.java:85)
	at org.eclipse.jdt.ls.core.internal.handlers.BaseDocumentLifeCycleHandler.handleOpen(BaseDocumentLifeCycleHandler.java:402)
	at org.eclipse.jdt.ls.core.internal.handlers.BaseDocumentLifeCycleHandler.lambda$0(BaseDocumentLifeCycleHandler.java:351)
	at org.eclipse.core.internal.resources.Workspace.run(Workspace.java:2451)
	at org.eclipse.core.internal.resources.Workspace.run(Workspace.java:2476)
	at org.eclipse.jdt.ls.core.internal.handlers.BaseDocumentLifeCycleHandler.didOpen(BaseDocumentLifeCycleHandler.java:351)
	at org.eclipse.jdt.ls.core.internal.syntaxserver.SyntaxLanguageServer.didOpen(SyntaxLanguageServer.java:291)
	at java.base/jdk.internal.reflect.NativeMethodAccessorImpl.invoke0(Native Method)
	at java.base/jdk.internal.reflect.NativeMethodAccessorImpl.invoke(NativeMethodAccessorImpl.java:77)
	at java.base/jdk.internal.reflect.DelegatingMethodAccessorImpl.invoke(DelegatingMethodAccessorImpl.java:43)
	at java.base/java.lang.reflect.Method.invoke(Method.java:569)
	at org.eclipse.lsp4j.jsonrpc.services.GenericEndpoint.lambda$recursiveFindRpcMethods$0(GenericEndpoint.java:65)
	at org.eclipse.lsp4j.jsonrpc.services.GenericEndpoint.notify(GenericEndpoint.java:152)
	at org.eclipse.lsp4j.jsonrpc.RemoteEndpoint.handleNotification(RemoteEndpoint.java:231)
	at org.eclipse.lsp4j.jsonrpc.RemoteEndpoint.consume(RemoteEndpoint.java:198)
	at org.eclipse.jdt.ls.core.internal.ParentProcessWatcher.lambda$1(ParentProcessWatcher.java:144)
	at org.eclipse.lsp4j.jsonrpc.json.StreamMessageProducer.handleMessage(StreamMessageProducer.java:194)
	at org.eclipse.lsp4j.jsonrpc.json.StreamMessageProducer.listen(StreamMessageProducer.java:94)
	at org.eclipse.lsp4j.jsonrpc.json.ConcurrentMessageProcessor.run(ConcurrentMessageProcessor.java:113)
	at java.base/java.util.concurrent.Executors$RunnableAdapter.call(Executors.java:539)
	at java.base/java.util.concurrent.FutureTask.run(FutureTask.java:264)
	at java.base/java.util.concurrent.ThreadPoolExecutor.runWorker(ThreadPoolExecutor.java:1136)
	at java.base/java.util.concurrent.ThreadPoolExecutor$Worker.run(ThreadPoolExecutor.java:635)
	at java.base/java.lang.Thread.run(Thread.java:840)
Caused by: org.eclipse.core.internal.resources.ResourceException: '/home/daposorunke' is not a valid location for linked resources.
	at org.eclipse.core.internal.resources.Resource.assertLinkRequirements(Resource.java:204)
	at org.eclipse.core.internal.resources.Resource.createLink(Resource.java:671)
	at org.eclipse.jdt.ls.core.internal.ProjectUtils.createInvisibleProjectIfNotExist(ProjectUtils.java:357)
	... 25 more

[Error - 6:56:17 PM] Oct 12, 2024, 6:56:11 PM Failed to create linked resource from file:///home/daposorunke/helloworld/src/main/java/com/example/demo/model/User.java to jdt.ls-java-project
Resource '/jdt.ls-java-project/src/com/example/demo/model/User.java' already exists.
org.eclipse.core.internal.resources.ResourceException(/jdt.ls-java-project/src/com/example/demo/model/User.java)[367]: java.lang.Exception: Resource '/jdt.ls-java-project/src/com/example/demo/model/User.java' already exists.
	at org.eclipse.core.internal.resources.ResourceException.provideStackTrace(ResourceException.java:42)
	at org.eclipse.core.internal.resources.ResourceException.<init>(ResourceException.java:38)
	at org.eclipse.core.internal.resources.Workspace.createResource(Workspace.java:1452)
	at org.eclipse.core.internal.resources.Workspace.createResource(Workspace.java:1387)
	at org.eclipse.core.internal.resources.Resource.createLink(Resource.java:678)
	at org.eclipse.jdt.ls.core.internal.JDTUtils.getFakeCompilationUnit(JDTUtils.java:304)
	at org.eclipse.jdt.ls.core.internal.JDTUtils.resolveCompilationUnit(JDTUtils.java:199)
	at org.eclipse.jdt.ls.core.internal.JDTUtils.resolveTypeRoot(JDTUtils.java:479)
	at org.eclipse.jdt.ls.core.internal.JDTUtils.resolveTypeRoot(JDTUtils.java:438)
	at org.eclipse.jdt.ls.core.internal.handlers.DocumentSymbolHandler.documentSymbol(DocumentSymbolHandler.java:108)
	at org.eclipse.jdt.ls.core.internal.syntaxserver.SyntaxLanguageServer.lambda$5(SyntaxLanguageServer.java:339)
	at org.eclipse.jdt.ls.core.internal.BaseJDTLanguageServer.lambda$0(BaseJDTLanguageServer.java:87)
	at java.base/java.util.concurrent.CompletableFuture$UniApply.tryFire(CompletableFuture.java:646)
	at java.base/java.util.concurrent.CompletableFuture$Completion.run(CompletableFuture.java:482)
	at java.base/java.lang.Thread.run(Thread.java:840)

