Initializing document watcher...
Document watcher initialized
daposorunke/helloworld/src/main/java/com/example/demo/model/User.java: {}
daposorunke/helloworld/src/main/java/com/example/demo/model/User.java: Using EditorConfig core...
daposorunke/helloworld/src/main/java/com/example/demo/model/User.java: Using EditorConfig core...
daposorunke/helloworld/src/main/java/com/example/demo/model/User.java: Using EditorConfig core...
daposorunke/helloworld/src/main/java/com/example/demo/model/User.java: {}
daposorunke/helloworld/src/main/java/com/example/demo/model/User.java: {}
daposorunke/helloworld/app.yaml: {}
daposorunke/helloworld/app.yaml: {}
daposorunke/helloworld/app.yaml: {}
daposorunke/helloworld/app.yaml: {}
daposorunke/helloworld/app.yaml: Using EditorConfig core...
daposorunke/helloworld/app.yaml: Using EditorConfig core...
daposorunke/helloworld/app.yaml: Using EditorConfig core...
daposorunke/helloworld/app.yaml: {}
daposorunke/helloworld/app.yaml: {}
daposorunke/helloworld/app.yaml: Using EditorConfig core...
daposorunke/helloworld/app.yaml: Using EditorConfig core...
daposorunke/helloworld/app.yaml: Using EditorConfig core...
daposorunke/helloworld/app.yaml: Using EditorConfig core...
daposorunke/helloworld/app.yaml: Using EditorConfig core...
daposorunke/helloworld/app.yaml: Using EditorConfig core...
daposorunke/helloworld/app.yaml: Using EditorConfig core...
daposorunke/helloworld/app.yaml: {}
daposorunke/helloworld/app.yaml: {}
daposorunke/helloworld/app.yaml: {}
daposorunke/helloworld/pom.xml: {}
daposorunke/helloworld/pom.xml: {}
daposorunke/helloworld/pom.xml: {}
daposorunke/helloworld/pom.xml: {}
daposorunke/helloworld/app.yaml: {}
daposorunke/helloworld/app.yaml: Using EditorConfig core...
daposorunke/helloworld/app.yaml: {}
daposorunke/helloworld/app.yaml: Using EditorConfig core...
daposorunke/helloworld/app.yaml: Using EditorConfig core...
daposorunke/helloworld/app.yaml: Using EditorConfig core...
daposorunke/helloworld/app.yaml: {}
daposorunke/helloworld/app.yaml: {}
daposorunke/helloworld/app.yaml: {}
daposorunke/helloworld/app.yaml: {}
daposorunke/helloworld/app.yaml: {}
daposorunke/helloworld/app.yaml: Using EditorConfig core...
daposorunke/helloworld/app.yaml: Using EditorConfig core...
daposorunke/helloworld/app.yaml: Using EditorConfig core...
daposorunke/helloworld/app.yaml: {}
daposorunke/helloworld/app.yaml: Using EditorConfig core...
daposorunke/helloworld/app.yaml: {}
daposorunke/helloworld/app.yaml: {}
vscode.git.Git: {}
daposorunke/helloworld/app.yaml: {}
daposorunke/helloworld/app.yaml: {}
daposorunke/helloworld/app.yaml: {}
daposorunke/README.md: {}
daposorunke/README.md: Using EditorConfig core...
daposorunke/README.md: Using EditorConfig core...
daposorunke/README.md: Using EditorConfig core...
daposorunke/README.md: Using EditorConfig core...
daposorunke/README.md: Using EditorConfig core...
daposorunke/README.md: Using EditorConfig core...
daposorunke/README.md: Using EditorConfig core...
daposorunke/README.md: Using EditorConfig core...
daposorunke/README.md: Using EditorConfig core...
daposorunke/README.md: {}
daposorunke/README.md: Using EditorConfig core...
daposorunke/README.md: Using EditorConfig core...
daposorunke/README.md: Using EditorConfig core...
daposorunke/README.md: Using EditorConfig core...
daposorunke/README.md: Using EditorConfig core...
daposorunke/README.md: {}
