WARNING: Using incubator modules: jdk.incubator.vector, jdk.incubator.foreign
Oct 11, 2024 6:03:02 PM org.apache.aries.spifly.BaseActivator log
INFO: Registered provider ch.qos.logback.classic.servlet.LogbackServletContainerInitializer of service jakarta.servlet.ServletContainerInitializer in bundle ch.qos.logback.classic
Oct 11, 2024 6:03:02 PM org.apache.aries.spifly.BaseActivator log
INFO: Registered provider ch.qos.logback.classic.spi.LogbackServiceProvider of service org.slf4j.spi.SLF4JServiceProvider in bundle ch.qos.logback.classic
Oct 11, 2024 6:13:10 PM com.microsoft.java.debug.plugin.internal.JavaDebuggerServerPlugin start
INFO: Starting com.microsoft.java.debug.plugin
[Error - 6:15:06 PM] Oct 11, 2024, 6:15:06 PM JavaBuilder handling ImageBuilderInternalException while building: jdt.ls-java-project
'7ymB' is not a valid Java identifier
Java Model Exception: Error in Java Model (code -1): '7ymB' is not a valid Java identifier
	at org.eclipse.jdt.internal.core.JavaElement.newJavaModelException(JavaElement.java:574)
	at org.eclipse.jdt.internal.core.Openable.generateInfos(Openable.java:233)
	at org.eclipse.jdt.internal.core.SourceRefElement.generateInfos(SourceRefElement.java:128)
	at org.eclipse.jdt.internal.core.JavaElement.openWhenClosed(JavaElement.java:585)
	at org.eclipse.jdt.internal.core.JavaElement.getElementInfo(JavaElement.java:308)
	at org.eclipse.jdt.internal.core.JavaElement.getElementInfo(JavaElement.java:294)
	at org.eclipse.jdt.internal.core.Member.getNameRange(Member.java:399)
	at org.eclipse.jdt.internal.core.builder.AbstractImageBuilder.createProblemFor(AbstractImageBuilder.java:443)
	at org.eclipse.jdt.internal.core.builder.AbstractImageBuilder.acceptResult(AbstractImageBuilder.java:194)
	at org.eclipse.jdt.internal.compiler.Compiler.processCompiledUnits(Compiler.java:614)
	at org.eclipse.jdt.internal.compiler.Compiler.compile(Compiler.java:474)
	at org.eclipse.jdt.internal.compiler.Compiler.compile(Compiler.java:425)
	at org.eclipse.jdt.internal.core.builder.AbstractImageBuilder.compile(AbstractImageBuilder.java:410)
	at org.eclipse.jdt.internal.core.builder.IncrementalImageBuilder.compile(IncrementalImageBuilder.java:370)
	at org.eclipse.jdt.internal.core.builder.AbstractImageBuilder.compile(AbstractImageBuilder.java:341)
	at org.eclipse.jdt.internal.core.builder.IncrementalImageBuilder.incrementalBuildLoop(IncrementalImageBuilder.java:190)
	at org.eclipse.jdt.internal.core.builder.IncrementalImageBuilder.build(IncrementalImageBuilder.java:147)
	at org.eclipse.jdt.internal.core.builder.JavaBuilder.buildDeltas(JavaBuilder.java:304)
	at org.eclipse.jdt.internal.core.builder.JavaBuilder.build(JavaBuilder.java:221)
	at org.eclipse.core.internal.events.BuildManager$2.run(BuildManager.java:1077)
	at org.eclipse.core.runtime.SafeRunner.run(SafeRunner.java:47)
	at org.eclipse.core.internal.events.BuildManager.basicBuild(BuildManager.java:296)
	at org.eclipse.core.internal.events.BuildManager.basicBuild(BuildManager.java:352)
	at org.eclipse.core.internal.events.BuildManager$1.run(BuildManager.java:441)
	at org.eclipse.core.runtime.SafeRunner.run(SafeRunner.java:47)
	at org.eclipse.core.internal.events.BuildManager.basicBuild(BuildManager.java:444)
	at org.eclipse.core.internal.events.BuildManager.basicBuildLoop(BuildManager.java:555)
	at org.eclipse.core.internal.events.BuildManager.basicBuildLoop(BuildManager.java:503)
	at org.eclipse.core.internal.events.BuildManager.build(BuildManager.java:585)
	at org.eclipse.core.internal.events.AutoBuildJob.doBuild(AutoBuildJob.java:207)
	at org.eclipse.core.internal.events.AutoBuildJob.run(AutoBuildJob.java:300)
	at org.eclipse.core.internal.jobs.Worker.run(Worker.java:63)

[Error - 6:19:43 PM] Oct 11, 2024, 6:19:43 PM Error occurred while reading master table file
Input length = 1
java.nio.charset.MalformedInputException: Input length = 1
	at java.base/java.nio.charset.CoderResult.throwException(CoderResult.java:274)
	at java.base/sun.nio.cs.StreamDecoder.implRead(StreamDecoder.java:337)
	at java.base/sun.nio.cs.StreamDecoder.read(StreamDecoder.java:189)
	at java.base/java.io.InputStreamReader.read(InputStreamReader.java:177)
	at java.base/java.io.BufferedReader.fill(BufferedReader.java:162)
	at java.base/java.io.BufferedReader.readLine(BufferedReader.java:329)
	at java.base/java.io.BufferedReader.readLine(BufferedReader.java:396)
	at java.base/java.nio.file.Files.readAllLines(Files.java:3415)
	at org.eclipse.core.internal.resources.SaveManager.getBadSequenceNumberErrorMessage(SaveManager.java:1670)
	at org.eclipse.core.internal.resources.SaveManager.validateMasterTableBeforeSave(SaveManager.java:1651)
	at org.eclipse.core.internal.resources.SaveManager.saveMasterTable(SaveManager.java:1330)
	at org.eclipse.core.internal.resources.SaveManager.saveMasterTable(SaveManager.java:1321)
	at org.eclipse.core.internal.resources.SaveManager.save(SaveManager.java:1294)
	at org.eclipse.core.internal.resources.SaveManager.save(SaveManager.java:1205)
	at org.eclipse.core.internal.resources.DelayedSnapshotJob.run(DelayedSnapshotJob.java:51)
	at org.eclipse.core.internal.jobs.Worker.run(Worker.java:63)

[Error - 6:19:43 PM] Oct 11, 2024, 6:19:43 PM An internal error occurred during: "Periodic workspace save.".
Cannot set lower sequence number for root (previous: 2, new: 1). Location: /home/daposorunke/.codeoss/data/User/workspaceStorage/-6f2281fa/redhat.java/jdt_ws/.metadata/.plugins/org.eclipse.core.resources/.safetable/org.eclipse.core.resourcesTimestamps and tree sequence numbers from file:
java.lang.IllegalArgumentException: Cannot set lower sequence number for root (previous: 2, new: 1). Location: /home/daposorunke/.codeoss/data/User/workspaceStorage/-6f2281fa/redhat.java/jdt_ws/.metadata/.plugins/org.eclipse.core.resources/.safetable/org.eclipse.core.resourcesTimestamps and tree sequence numbers from file:
	at org.eclipse.core.runtime.Assert.isLegal(Assert.java:68)
	at org.eclipse.core.internal.resources.SaveManager.validateMasterTableBeforeSave(SaveManager.java:1652)
	at org.eclipse.core.internal.resources.SaveManager.saveMasterTable(SaveManager.java:1330)
	at org.eclipse.core.internal.resources.SaveManager.saveMasterTable(SaveManager.java:1321)
	at org.eclipse.core.internal.resources.SaveManager.save(SaveManager.java:1294)
	at org.eclipse.core.internal.resources.SaveManager.save(SaveManager.java:1205)
	at org.eclipse.core.internal.resources.DelayedSnapshotJob.run(DelayedSnapshotJob.java:51)
	at org.eclipse.core.internal.jobs.Worker.run(Worker.java:63)

