Initializing document watcher...
Document watcher initialized
daposorunke/helloworld/pom.xml: {}
daposorunke/helloworld/pom.xml: {}
daposorunke/helloworld/pom.xml: {}
daposorunke/helloworld/pom.xml: {}
vscode.git.Git: {}
daposorunke/helloworld/pom.xml: {}
daposorunke/helloworld/pom.xml: {}
daposorunke/helloworld/pom.xml: {}
daposorunke/.git/COMMIT_EDITMSG: {}
daposorunke/.git/COMMIT_EDITMSG: Using EditorConfig core...
daposorunke/helloworld/pom.xml: {}
daposorunke/helloworld/pom.xml: {}
daposorunke/helloworld/pom.xml: {}
daposorunke/helloworld/src/main/resources/application.properties: {}
daposorunke/.git/COMMIT_EDITMSG: {}
daposorunke/.git/COMMIT_EDITMSG: Using EditorConfig core...
daposorunke/helloworld/src/main/resources/application.properties: {}
daposorunke/helloworld/src/main/resources/application.properties: {}
daposorunke/helloworld/src/main/resources/application.properties: {}
daposorunke/helloworld/src/main/resources/application.properties: {}
daposorunke/helloworld/src/main/resources/application.properties: {}
daposorunke/helloworld/src/main/resources/application.properties: {}
daposorunke/helloworld/src/main/resources/application.properties: {}
daposorunke/helloworld/src/main/resources/application.properties: {}
daposorunke/helloworld/src/main/java/com/example/demo/repository/UserRepository.java: {}
daposorunke/helloworld/src/main/java/com/example/demo/repository/UserRepository.java: {}
daposorunke/helloworld/src/main/java/com/example/demo/repository/UserRepository.java: {}
daposorunke/helloworld/src/main/java/com/example/demo/repository/UserRepository.java: {}
daposorunke/helloworld/src/main/java/com/example/demo/repository/UserRepository.java: Using EditorConfig core...
daposorunke/helloworld/src/main/java/com/example/demo/controller/UserController.java: {}
daposorunke/helloworld/src/main/java/com/example/demo/controller/UserController.java: Using EditorConfig core...
daposorunke/helloworld/src/main/java/com/example/demo/model/User.java: {}
daposorunke/helloworld/src/main/java/com/example/demo/model/User.java: Using EditorConfig core...
daposorunke/helloworld/src/main/java/com/example/demo/DemoApplication.java: {}
daposorunke/helloworld/src/main/java/com/example/demo/DemoApplication.java: Using EditorConfig core...
daposorunke/helloworld/src/main/resources/application.properties: {}
daposorunke/helloworld/src/main/resources/application.properties: Using EditorConfig core...
daposorunke/helloworld/pom.xml: {}
daposorunke/helloworld/pom.xml: Using EditorConfig core...
daposorunke/helloworld/pom.xml: {}
daposorunke/helloworld/pom.xml: {}
daposorunke/helloworld/pom.xml: {}
daposorunke/helloworld/pom.xml: {}
daposorunke/helloworld/pom.xml: {}
daposorunke/helloworld/pom.xml: {}
