2024-10-12 18:41:05.216 [info] Extension host with pid 1191 started
2024-10-12 18:41:05.216 [error] Error: EEXIST: file already exists, open '/home/daposorunke/.codeoss/data/User/workspaceStorage/-6f2281fa/vscode.lock'
2024-10-12 18:41:05.355 [info] ExtensionService#_doActivateExtension vscode.emmet, startup: false, activationEvent: 'onLanguage'
2024-10-12 18:41:05.442 [info] Lock '/home/daposorunke/.codeoss/data/User/workspaceStorage/-6f2281fa/vscode.lock': Could not acquire lock, checking if the file is stale.
2024-10-12 18:41:05.470 [info] Lock '/home/daposorunke/.codeoss/data/User/workspaceStorage/-6f2281fa/vscode.lock': The pid 14062 appears to be gone.
2024-10-12 18:41:05.470 [info] Lock '/home/daposorunke/.codeoss/data/User/workspaceStorage/-6f2281fa/vscode.lock': Deleting a stale lock.
2024-10-12 18:41:05.490 [info] Lock '/home/daposorunke/.codeoss/data/User/workspaceStorage/-6f2281fa/vscode.lock': Lock acquired.
2024-10-12 18:41:05.644 [info] ExtensionService#_doActivateExtension vscode.git-base, startup: true, activationEvent: '*', root cause: vscode.git
2024-10-12 18:41:05.735 [info] ExtensionService#_doActivateExtension vscode.git, startup: true, activationEvent: '*'
2024-10-12 18:41:05.737 [info] ExtensionService#_doActivateExtension vscode.github, startup: true, activationEvent: '*'
2024-10-12 18:41:06.555 [info] ExtensionService#_doActivateExtension vscjava.vscode-maven, startup: true, activationEvent: 'workspaceContains:**/pom.xml'
2024-10-12 18:41:06.557 [info] ExtensionService#_doActivateExtension redhat.fabric8-analytics, startup: true, activationEvent: 'workspaceContains:**/package.json,**/pom.xml,**/go.mod,**/requirements.txt'
2024-10-12 18:41:06.558 [info] ExtensionService#_doActivateExtension vscjava.vscode-java-dependency, startup: true, activationEvent: 'workspaceContains:*/pom.xml,*/build.gradle,*/settings.gradle,*/build.gradle.kts,*/settings.gradle.kts,*/.classpath'
2024-10-12 18:41:06.559 [info] ExtensionService#_doActivateExtension redhat.java, startup: true, activationEvent: 'workspaceContains:*/pom.xml,*/build.gradle,*/settings.gradle,*/build.gradle.kts,*/settings.gradle.kts,*/.classpath', root cause: vscjava.vscode-java-test
2024-10-12 18:41:06.561 [info] ExtensionService#_doActivateExtension vscjava.vscode-java-debug, startup: true, activationEvent: 'workspaceContains:*/pom.xml,*/build.gradle,*/settings.gradle,*/build.gradle.kts,*/settings.gradle.kts,*/.classpath', root cause: vscjava.vscode-java-test
2024-10-12 18:41:09.228 [info] ExtensionService#_doActivateExtension vscode.github-authentication, startup: false, activationEvent: 'onAuthenticationRequest:github'
2024-10-12 18:41:09.738 [warning] [redhat.java] Accessing a resource scoped configuration without providing a resource is not expected. To get the effective value for '[java]', provide the URI of a resource or 'null' for any resource.
2024-10-12 18:41:09.828 [info] ExtensionService#_doActivateExtension vscjava.vscode-java-test, startup: true, activationEvent: 'workspaceContains:*/pom.xml,*/build.gradle,*/settings.gradle,*/build.gradle.kts,*/settings.gradle.kts,*/.classpath'
2024-10-12 18:41:10.401 [warning] [redhat.java] Accessing a resource scoped configuration without providing a resource is not expected. To get the effective value for '[java]', provide the URI of a resource or 'null' for any resource.
2024-10-12 18:41:15.663 [info] ExtensionService#_doActivateExtension EditorConfig.EditorConfig, startup: false, activationEvent: 'onStartupFinished'
2024-10-12 18:41:15.664 [info] ExtensionService#_doActivateExtension google.cloud-shell, startup: false, activationEvent: 'onStartupFinished'
2024-10-12 18:41:15.664 [info] ExtensionService#_doActivateExtension googlecloudtools.cloudcode, startup: false, activationEvent: 'onStartupFinished'
2024-10-12 18:41:15.665 [info] ExtensionService#_doActivateExtension vscode.debug-auto-launch, startup: false, activationEvent: 'onStartupFinished'
2024-10-12 18:41:15.666 [info] ExtensionService#_doActivateExtension vscode.merge-conflict, startup: false, activationEvent: 'onStartupFinished'
2024-10-12 18:41:31.158 [info] ExtensionService#_doActivateExtension vscode.json-language-features, startup: false, activationEvent: 'onLanguage:jsonc'
2024-10-12 18:41:31.159 [info] ExtensionService#_doActivateExtension vscode.typescript-language-features, startup: false, activationEvent: 'onLanguage:jsonc'
2024-10-12 18:41:39.624 [info] Eager extensions activated
2024-10-12 18:45:37.461 [error] [redhat.java] provider FAILED
2024-10-12 18:45:37.494 [error] Error: The request (id: 17, method: 'textDocument/hover') has been cancelled
    at /google/devshell/editor/code-oss-for-cloud-shell/extensions/redhat.java/dist/extension.js:2:1106325
    at ie (/google/devshell/editor/code-oss-for-cloud-shell/extensions/redhat.java/dist/extension.js:2:1106619)
    at /google/devshell/editor/code-oss-for-cloud-shell/extensions/redhat.java/dist/extension.js:2:1101403
    at Immediate.<anonymous> (/google/devshell/editor/code-oss-for-cloud-shell/extensions/redhat.java/dist/extension.js:2:1101423)
    at processImmediate (node:internal/timers:476:21)
2024-10-12 18:47:28.858 [error] [redhat.java] provider FAILED
2024-10-12 18:47:28.859 [error] Error: The request (id: 22, method: 'textDocument/hover') has been cancelled
    at /google/devshell/editor/code-oss-for-cloud-shell/extensions/redhat.java/dist/extension.js:2:1106325
    at ie (/google/devshell/editor/code-oss-for-cloud-shell/extensions/redhat.java/dist/extension.js:2:1106619)
    at /google/devshell/editor/code-oss-for-cloud-shell/extensions/redhat.java/dist/extension.js:2:1101403
    at Immediate.<anonymous> (/google/devshell/editor/code-oss-for-cloud-shell/extensions/redhat.java/dist/extension.js:2:1101423)
    at processImmediate (node:internal/timers:476:21)
2024-10-12 18:47:40.247 [error] [redhat.java] provider FAILED
2024-10-12 18:47:40.248 [error] Error: The request (id: 39, method: 'textDocument/hover') has been cancelled
    at /google/devshell/editor/code-oss-for-cloud-shell/extensions/redhat.java/dist/extension.js:2:1106325
    at ie (/google/devshell/editor/code-oss-for-cloud-shell/extensions/redhat.java/dist/extension.js:2:1106619)
    at /google/devshell/editor/code-oss-for-cloud-shell/extensions/redhat.java/dist/extension.js:2:1101403
    at Immediate.<anonymous> (/google/devshell/editor/code-oss-for-cloud-shell/extensions/redhat.java/dist/extension.js:2:1101423)
    at processImmediate (node:internal/timers:476:21)
2024-10-12 18:48:03.523 [error] [redhat.java] provider FAILED
2024-10-12 18:48:03.524 [error] Error: The request (id: 44, method: 'textDocument/hover') has been cancelled
    at /google/devshell/editor/code-oss-for-cloud-shell/extensions/redhat.java/dist/extension.js:2:1106325
    at ie (/google/devshell/editor/code-oss-for-cloud-shell/extensions/redhat.java/dist/extension.js:2:1106619)
    at /google/devshell/editor/code-oss-for-cloud-shell/extensions/redhat.java/dist/extension.js:2:1101403
    at Immediate.<anonymous> (/google/devshell/editor/code-oss-for-cloud-shell/extensions/redhat.java/dist/extension.js:2:1101423)
    at processImmediate (node:internal/timers:476:21)
2024-10-12 18:48:13.038 [error] [redhat.java] provider FAILED
2024-10-12 18:48:13.038 [error] Error: The request (id: 47, method: 'textDocument/hover') has been cancelled
    at /google/devshell/editor/code-oss-for-cloud-shell/extensions/redhat.java/dist/extension.js:2:1106325
    at ie (/google/devshell/editor/code-oss-for-cloud-shell/extensions/redhat.java/dist/extension.js:2:1106619)
    at /google/devshell/editor/code-oss-for-cloud-shell/extensions/redhat.java/dist/extension.js:2:1101403
    at Immediate.<anonymous> (/google/devshell/editor/code-oss-for-cloud-shell/extensions/redhat.java/dist/extension.js:2:1101423)
    at processImmediate (node:internal/timers:476:21)
2024-10-12 18:48:43.594 [error] [redhat.java] provider FAILED
2024-10-12 18:48:43.595 [error] Error: The request (id: 50, method: 'textDocument/hover') has been cancelled
    at /google/devshell/editor/code-oss-for-cloud-shell/extensions/redhat.java/dist/extension.js:2:1106325
    at ie (/google/devshell/editor/code-oss-for-cloud-shell/extensions/redhat.java/dist/extension.js:2:1106619)
    at /google/devshell/editor/code-oss-for-cloud-shell/extensions/redhat.java/dist/extension.js:2:1101403
    at Immediate.<anonymous> (/google/devshell/editor/code-oss-for-cloud-shell/extensions/redhat.java/dist/extension.js:2:1101423)
    at processImmediate (node:internal/timers:476:21)
2024-10-12 18:48:54.557 [error] [redhat.java] provider FAILED
2024-10-12 18:48:54.557 [error] Error: The request (id: 75, method: 'textDocument/hover') has been cancelled
    at /google/devshell/editor/code-oss-for-cloud-shell/extensions/redhat.java/dist/extension.js:2:1106325
    at ie (/google/devshell/editor/code-oss-for-cloud-shell/extensions/redhat.java/dist/extension.js:2:1106619)
    at /google/devshell/editor/code-oss-for-cloud-shell/extensions/redhat.java/dist/extension.js:2:1101403
    at Immediate.<anonymous> (/google/devshell/editor/code-oss-for-cloud-shell/extensions/redhat.java/dist/extension.js:2:1101423)
    at processImmediate (node:internal/timers:476:21)
2024-10-12 18:54:43.830 [info] Extension host terminating: received terminate message from renderer
2024-10-12 18:54:43.833 [info] Lock '/home/daposorunke/.codeoss/data/User/workspaceStorage/-6f2281fa/vscode.lock': Marking the lockfile as scheduled to be released in 6000 ms.
2024-10-12 18:54:43.921 [error] Canceled: Canceled
    at new L (/google/devshell/editor/code-oss-for-cloud-shell/out/vs/workbench/api/node/extensionHostProcess.js:143:47131)
    at c.U (/google/devshell/editor/code-oss-for-cloud-shell/out/vs/workbench/api/node/extensionHostProcess.js:150:5542)
    at Proxy.F.<computed>.z.charCodeAt.F.<computed> (/google/devshell/editor/code-oss-for-cloud-shell/out/vs/workbench/api/node/extensionHostProcess.js:150:2993)
    at r.g (/google/devshell/editor/code-oss-for-cloud-shell/out/vs/workbench/api/node/extensionHostProcess.js:153:188926)
    at r.executeCommand (/google/devshell/editor/code-oss-for-cloud-shell/out/vs/workbench/api/node/extensionHostProcess.js:153:188364)
    at k.registerCommand.description (/google/devshell/editor/code-oss-for-cloud-shell/out/vs/workbench/api/node/extensionHostProcess.js:153:187688)
    at r.h (/google/devshell/editor/code-oss-for-cloud-shell/out/vs/workbench/api/node/extensionHostProcess.js:153:189465)
    at r.g (/google/devshell/editor/code-oss-for-cloud-shell/out/vs/workbench/api/node/extensionHostProcess.js:153:188457)
    at r.executeCommand (/google/devshell/editor/code-oss-for-cloud-shell/out/vs/workbench/api/node/extensionHostProcess.js:153:188364)
    at Object.executeCommand (/google/devshell/editor/code-oss-for-cloud-shell/out/vs/workbench/api/node/extensionHostProcess.js:163:22673)
    at a.O [as value] (/google/devshell/editor/code-oss-for-cloud-shell/extensions/git/dist/main.js:2:167800)
    at o.y (/google/devshell/editor/code-oss-for-cloud-shell/out/vs/workbench/api/node/extensionHostProcess.js:82:660)
    at o.z (/google/devshell/editor/code-oss-for-cloud-shell/out/vs/workbench/api/node/extensionHostProcess.js:82:730)
    at o.fire (/google/devshell/editor/code-oss-for-cloud-shell/out/vs/workbench/api/node/extensionHostProcess.js:82:946)
    at Object.p [as dispose] (/google/devshell/editor/code-oss-for-cloud-shell/extensions/git/dist/main.js:2:186884)
    at /google/devshell/editor/code-oss-for-cloud-shell/extensions/git/dist/main.js:2:192922
    at Array.forEach (<anonymous>)
    at f.dispose (/google/devshell/editor/code-oss-for-cloud-shell/extensions/git/dist/main.js:2:192908)
    at h.<anonymous> (/google/devshell/editor/code-oss-for-cloud-shell/out/vs/workbench/api/node/extensionHostProcess.js:151:3955)
    at h.dispose (/google/devshell/editor/code-oss-for-cloud-shell/out/vs/workbench/api/node/extensionHostProcess.js:151:4052)
    at h.<anonymous> (/google/devshell/editor/code-oss-for-cloud-shell/extensions/git/dist/main.js:2:170057)
    at h.dispose (/google/devshell/editor/code-oss-for-cloud-shell/out/vs/workbench/api/node/extensionHostProcess.js:151:4052)
    at a (/google/devshell/editor/code-oss-for-cloud-shell/out/vs/workbench/api/node/extensionHostProcess.js:30:744)
    at f.eb (/google/devshell/editor/code-oss-for-cloud-shell/out/vs/workbench/api/node/extensionHostProcess.js:159:9975)
    at /google/devshell/editor/code-oss-for-cloud-shell/out/vs/workbench/api/node/extensionHostProcess.js:159:7824
    at Array.map (<anonymous>)
    at f.$ (/google/devshell/editor/code-oss-for-cloud-shell/out/vs/workbench/api/node/extensionHostProcess.js:159:7811)
    at f.terminate (/google/devshell/editor/code-oss-for-cloud-shell/out/vs/workbench/api/node/extensionHostProcess.js:159:8085)
    at a.terminate (/google/devshell/editor/code-oss-for-cloud-shell/out/vs/workbench/api/node/extensionHostProcess.js:163:1513)
    at t (/google/devshell/editor/code-oss-for-cloud-shell/out/vs/workbench/api/node/extensionHostProcess.js:176:9922)
    at a.value (/google/devshell/editor/code-oss-for-cloud-shell/out/vs/workbench/api/node/extensionHostProcess.js:176:7969)
    at o.y (/google/devshell/editor/code-oss-for-cloud-shell/out/vs/workbench/api/node/extensionHostProcess.js:82:660)
    at o.fire (/google/devshell/editor/code-oss-for-cloud-shell/out/vs/workbench/api/node/extensionHostProcess.js:82:877)
    at u.fire (/google/devshell/editor/code-oss-for-cloud-shell/out/vs/workbench/api/node/extensionHostProcess.js:107:14175)
    at r.z (/google/devshell/editor/code-oss-for-cloud-shell/out/vs/workbench/api/node/extensionHostProcess.js:107:17240)
    at a.value (/google/devshell/editor/code-oss-for-cloud-shell/out/vs/workbench/api/node/extensionHostProcess.js:107:15692)
    at o.y (/google/devshell/editor/code-oss-for-cloud-shell/out/vs/workbench/api/node/extensionHostProcess.js:82:660)
    at o.fire (/google/devshell/editor/code-oss-for-cloud-shell/out/vs/workbench/api/node/extensionHostProcess.js:82:877)
    at f.acceptChunk (/google/devshell/editor/code-oss-for-cloud-shell/out/vs/workbench/api/node/extensionHostProcess.js:107:11949)
    at a.value (/google/devshell/editor/code-oss-for-cloud-shell/out/vs/workbench/api/node/extensionHostProcess.js:107:11236)
    at o.y (/google/devshell/editor/code-oss-for-cloud-shell/out/vs/workbench/api/node/extensionHostProcess.js:82:660)
    at o.fire (/google/devshell/editor/code-oss-for-cloud-shell/out/vs/workbench/api/node/extensionHostProcess.js:82:877)
    at i.z (/google/devshell/editor/code-oss-for-cloud-shell/out/vs/workbench/api/node/extensionHostProcess.js:173:19732)
    at i.acceptFrame (/google/devshell/editor/code-oss-for-cloud-shell/out/vs/workbench/api/node/extensionHostProcess.js:173:19538)
    at n (/google/devshell/editor/code-oss-for-cloud-shell/out/vs/workbench/api/node/extensionHostProcess.js:173:18037)
    at /google/devshell/editor/code-oss-for-cloud-shell/out/vs/workbench/api/node/extensionHostProcess.js:173:15257
    at Socket.S (/google/devshell/editor/code-oss-for-cloud-shell/out/vs/workbench/api/node/extensionHostProcess.js:173:13162)
    at Socket.emit (node:events:517:28)
    at addChunk (node:internal/streams/readable:335:12)
    at readableAddChunk (node:internal/streams/readable:308:9)
    at Socket.Readable.push (node:internal/streams/readable:245:10)
    at TCP.onStreamRead (node:internal/stream_base_commons:190:23) setContext undefined
2024-10-12 18:54:43.929 [error] Canceled: Canceled
    at new L (/google/devshell/editor/code-oss-for-cloud-shell/out/vs/workbench/api/node/extensionHostProcess.js:143:47131)
    at c.U (/google/devshell/editor/code-oss-for-cloud-shell/out/vs/workbench/api/node/extensionHostProcess.js:150:5542)
    at Proxy.F.<computed>.z.charCodeAt.F.<computed> (/google/devshell/editor/code-oss-for-cloud-shell/out/vs/workbench/api/node/extensionHostProcess.js:150:2993)
    at r.g (/google/devshell/editor/code-oss-for-cloud-shell/out/vs/workbench/api/node/extensionHostProcess.js:153:188926)
    at r.executeCommand (/google/devshell/editor/code-oss-for-cloud-shell/out/vs/workbench/api/node/extensionHostProcess.js:153:188364)
    at k.registerCommand.description (/google/devshell/editor/code-oss-for-cloud-shell/out/vs/workbench/api/node/extensionHostProcess.js:153:187688)
    at r.h (/google/devshell/editor/code-oss-for-cloud-shell/out/vs/workbench/api/node/extensionHostProcess.js:153:189465)
    at r.g (/google/devshell/editor/code-oss-for-cloud-shell/out/vs/workbench/api/node/extensionHostProcess.js:153:188457)
    at r.executeCommand (/google/devshell/editor/code-oss-for-cloud-shell/out/vs/workbench/api/node/extensionHostProcess.js:153:188364)
    at Object.executeCommand (/google/devshell/editor/code-oss-for-cloud-shell/out/vs/workbench/api/node/extensionHostProcess.js:163:22673)
    at a.VscodeDevShareProvider.set hasGitHubRepositories [as hasGitHubRepositories] (/google/devshell/editor/code-oss-for-cloud-shell/extensions/github/dist/extension.js:2:25681)
    at /google/devshell/editor/code-oss-for-cloud-shell/extensions/github/dist/extension.js:2:26640
    at a.value (/google/devshell/editor/code-oss-for-cloud-shell/extensions/git/dist/main.js:2:273373)
    at o.y (/google/devshell/editor/code-oss-for-cloud-shell/out/vs/workbench/api/node/extensionHostProcess.js:82:660)
    at o.z (/google/devshell/editor/code-oss-for-cloud-shell/out/vs/workbench/api/node/extensionHostProcess.js:82:730)
    at o.fire (/google/devshell/editor/code-oss-for-cloud-shell/out/vs/workbench/api/node/extensionHostProcess.js:82:946)
    at Object.p [as dispose] (/google/devshell/editor/code-oss-for-cloud-shell/extensions/git/dist/main.js:2:186884)
    at /google/devshell/editor/code-oss-for-cloud-shell/extensions/git/dist/main.js:2:192922
    at Array.forEach (<anonymous>)
    at f.dispose (/google/devshell/editor/code-oss-for-cloud-shell/extensions/git/dist/main.js:2:192908)
    at h.<anonymous> (/google/devshell/editor/code-oss-for-cloud-shell/out/vs/workbench/api/node/extensionHostProcess.js:151:3955)
    at h.dispose (/google/devshell/editor/code-oss-for-cloud-shell/out/vs/workbench/api/node/extensionHostProcess.js:151:4052)
    at h.<anonymous> (/google/devshell/editor/code-oss-for-cloud-shell/extensions/git/dist/main.js:2:170057)
    at h.dispose (/google/devshell/editor/code-oss-for-cloud-shell/out/vs/workbench/api/node/extensionHostProcess.js:151:4052)
    at a (/google/devshell/editor/code-oss-for-cloud-shell/out/vs/workbench/api/node/extensionHostProcess.js:30:744)
    at f.eb (/google/devshell/editor/code-oss-for-cloud-shell/out/vs/workbench/api/node/extensionHostProcess.js:159:9975)
    at /google/devshell/editor/code-oss-for-cloud-shell/out/vs/workbench/api/node/extensionHostProcess.js:159:7824
    at Array.map (<anonymous>)
    at f.$ (/google/devshell/editor/code-oss-for-cloud-shell/out/vs/workbench/api/node/extensionHostProcess.js:159:7811)
    at f.terminate (/google/devshell/editor/code-oss-for-cloud-shell/out/vs/workbench/api/node/extensionHostProcess.js:159:8085)
    at a.terminate (/google/devshell/editor/code-oss-for-cloud-shell/out/vs/workbench/api/node/extensionHostProcess.js:163:1513)
    at t (/google/devshell/editor/code-oss-for-cloud-shell/out/vs/workbench/api/node/extensionHostProcess.js:176:9922)
    at a.value (/google/devshell/editor/code-oss-for-cloud-shell/out/vs/workbench/api/node/extensionHostProcess.js:176:7969)
    at o.y (/google/devshell/editor/code-oss-for-cloud-shell/out/vs/workbench/api/node/extensionHostProcess.js:82:660)
    at o.fire (/google/devshell/editor/code-oss-for-cloud-shell/out/vs/workbench/api/node/extensionHostProcess.js:82:877)
    at u.fire (/google/devshell/editor/code-oss-for-cloud-shell/out/vs/workbench/api/node/extensionHostProcess.js:107:14175)
    at r.z (/google/devshell/editor/code-oss-for-cloud-shell/out/vs/workbench/api/node/extensionHostProcess.js:107:17240)
    at a.value (/google/devshell/editor/code-oss-for-cloud-shell/out/vs/workbench/api/node/extensionHostProcess.js:107:15692)
    at o.y (/google/devshell/editor/code-oss-for-cloud-shell/out/vs/workbench/api/node/extensionHostProcess.js:82:660)
    at o.fire (/google/devshell/editor/code-oss-for-cloud-shell/out/vs/workbench/api/node/extensionHostProcess.js:82:877)
    at f.acceptChunk (/google/devshell/editor/code-oss-for-cloud-shell/out/vs/workbench/api/node/extensionHostProcess.js:107:11949)
    at a.value (/google/devshell/editor/code-oss-for-cloud-shell/out/vs/workbench/api/node/extensionHostProcess.js:107:11236)
    at o.y (/google/devshell/editor/code-oss-for-cloud-shell/out/vs/workbench/api/node/extensionHostProcess.js:82:660)
    at o.fire (/google/devshell/editor/code-oss-for-cloud-shell/out/vs/workbench/api/node/extensionHostProcess.js:82:877)
    at i.z (/google/devshell/editor/code-oss-for-cloud-shell/out/vs/workbench/api/node/extensionHostProcess.js:173:19732)
    at i.acceptFrame (/google/devshell/editor/code-oss-for-cloud-shell/out/vs/workbench/api/node/extensionHostProcess.js:173:19538)
    at n (/google/devshell/editor/code-oss-for-cloud-shell/out/vs/workbench/api/node/extensionHostProcess.js:173:18037)
    at /google/devshell/editor/code-oss-for-cloud-shell/out/vs/workbench/api/node/extensionHostProcess.js:173:15257
    at Socket.S (/google/devshell/editor/code-oss-for-cloud-shell/out/vs/workbench/api/node/extensionHostProcess.js:173:13162)
    at Socket.emit (node:events:517:28)
    at addChunk (node:internal/streams/readable:335:12)
    at readableAddChunk (node:internal/streams/readable:308:9)
    at Socket.Readable.push (node:internal/streams/readable:245:10)
    at TCP.onStreamRead (node:internal/stream_base_commons:190:23) setContext undefined
2024-10-12 18:54:43.973 [info] Extension host with pid 1191 exiting with code 0
