2024-10-11 18:02:57.082 [info] Reading sessions from keychain...
2024-10-11 18:02:57.098 [info] Getting sessions for all scopes...
2024-10-11 18:02:57.098 [info] Got 0 sessions for ...
2024-10-11 18:02:57.123 [info] Getting sessions for read:user,repo,user:email,workflow...
2024-10-11 18:02:57.123 [info] Got 0 sessions for read:user,repo,user:email,workflow...
2024-10-11 18:02:58.464 [info] Logging in for the following scopes: read:user repo user:email workflow
2024-10-11 18:02:58.597 [info] Trying device code flow... (read:user repo user:email workflow)
2024-10-11 18:04:36.567 [info] Getting user info...
2024-10-11 18:04:36.808 [info] Got account info!
2024-10-11 18:04:36.809 [info] Storing 1 sessions...
2024-10-11 18:04:37.318 [info] Reading sessions from keychain...
2024-10-11 18:04:37.318 [info] Stored 1 sessions!
2024-10-11 18:04:37.318 [info] Login success!
2024-10-11 18:04:37.363 [info] Got stored sessions!
2024-10-11 18:04:37.363 [info] Got 1 verified sessions.
2024-10-11 18:08:11.734 [info] Getting sessions for read:user,repo,user:email,workflow...
2024-10-11 18:08:11.735 [info] Got 1 sessions for read:user,repo,user:email,workflow...
2024-10-11 18:09:14.840 [info] Getting sessions for read:user,repo,user:email,workflow...
2024-10-11 18:09:14.840 [info] Got 1 sessions for read:user,repo,user:email,workflow...
2024-10-11 18:09:23.010 [info] Getting sessions for read:user,repo,user:email,workflow...
2024-10-11 18:09:23.010 [info] Got 1 sessions for read:user,repo,user:email,workflow...
